0 verbose cli [
0 verbose cli   '/Users/batiasegal/.nvm/versions/node/v17.5.0/bin/node',
0 verbose cli   '/Users/batiasegal/.nvm/versions/node/v17.5.0/bin/npm',
0 verbose cli   'install',
0 verbose cli   '--ignore-scripts',
0 verbose cli   '@types/content-disposition@ts4.6',
0 verbose cli   '@types/on-finished@ts4.6',
0 verbose cli   '@types/proxy-addr@ts4.6',
0 verbose cli   '@types/send@ts4.6',
0 verbose cli   '@types/statuses@ts4.6',
0 verbose cli   '@types/destroy@ts4.6',
0 verbose cli   '@types/ee-first@ts4.6',
0 verbose cli   '@types/encodeurl@ts4.6',
0 verbose cli   '@types/escape-html@ts4.6',
0 verbose cli   '@types/etag@ts4.6',
0 verbose cli   '@types/finalhandler@ts4.6',
0 verbose cli   '@types/forwarded@ts4.6',
0 verbose cli   '@types/fresh@ts4.6',
0 verbose cli   '--save-dev',
0 verbose cli   '--user-agent=typesInstaller/4.6.2'
0 verbose cli ]
1 info using npm@8.4.1
2 info using node@v17.5.0
3 timing npm:load:whichnode Completed in 0ms
4 timing config:load:defaults Completed in 2ms
5 timing config:load:file:/Users/batiasegal/.nvm/versions/node/v17.5.0/lib/node_modules/npm/npmrc Completed in 0ms
6 timing config:load:builtin Completed in 0ms
7 timing config:load:cli Completed in 3ms
8 timing config:load:env Completed in 0ms
9 timing config:load:file:/Users/batiasegal/Library/Caches/typescript/4.6/.npmrc Completed in 0ms
10 timing config:load:project Completed in 2ms
11 timing config:load:file:/Users/batiasegal/.npmrc Completed in 0ms
12 timing config:load:user Completed in 0ms
13 timing config:load:file:/Users/batiasegal/.nvm/versions/node/v17.5.0/etc/npmrc Completed in 0ms
14 timing config:load:global Completed in 0ms
15 timing config:load:validate Completed in 0ms
16 timing config:load:credentials Completed in 1ms
17 timing config:load:setEnvs Completed in 1ms
18 timing config:load Completed in 10ms
19 timing npm:load:configload Completed in 10ms
20 timing npm:load:setTitle Completed in 17ms
21 timing config:load:flatten Completed in 3ms
22 timing npm:load:display Completed in 3ms
23 verbose logfile /Users/batiasegal/.npm/_logs/2022-03-10T16_34_04_833Z-debug-0.log
24 timing npm:load:logFile Completed in 6ms
25 timing npm:load:timers Completed in 0ms
26 timing npm:load:configScope Completed in 0ms
27 timing npm:load Completed in 36ms
28 timing arborist:ctor Completed in 1ms
29 silly logfile start cleaning logs, removing 1 files
30 timing idealTree:init Completed in 32ms
31 timing arborist:ctor Completed in 0ms
32 http fetch GET 200 https://registry.npmjs.org/@types%2fproxy-addr 260ms (cache revalidated)
33 http fetch GET 200 https://registry.npmjs.org/@types%2fetag 261ms (cache revalidated)
34 http fetch GET 200 https://registry.npmjs.org/@types%2fsend 266ms (cache revalidated)
35 http fetch GET 200 https://registry.npmjs.org/@types%2fon-finished 274ms (cache revalidated)
36 http fetch GET 200 https://registry.npmjs.org/@types%2fcontent-disposition 284ms (cache revalidated)
37 http fetch GET 200 https://registry.npmjs.org/@types%2fescape-html 284ms (cache revalidated)
38 http fetch GET 200 https://registry.npmjs.org/@types%2fstatuses 302ms (cache revalidated)
39 http fetch GET 200 https://registry.npmjs.org/@types%2fforwarded 307ms (cache revalidated)
40 http fetch GET 200 https://registry.npmjs.org/@types%2ffinalhandler 317ms (cache revalidated)
41 http fetch GET 200 https://registry.npmjs.org/@types%2fdestroy 973ms (cache revalidated)
42 http fetch GET 200 https://registry.npmjs.org/@types%2fee-first 983ms (cache revalidated)
43 http fetch GET 200 https://registry.npmjs.org/@types%2fencodeurl 993ms (cache revalidated)
44 http fetch GET 200 https://registry.npmjs.org/@types%2ffresh 1005ms (cache revalidated)
45 timing idealTree:userRequests Completed in 1016ms
46 silly idealTree buildDeps
47 silly fetch manifest @types/content-disposition@0.5.4
48 silly fetch manifest @types/on-finished@2.3.1
49 silly fetch manifest @types/proxy-addr@2.0.0
50 silly fetch manifest @types/send@0.17.1
51 silly fetch manifest @types/statuses@2.0.0
52 silly fetch manifest @types/destroy@1.0.0
53 silly fetch manifest @types/ee-first@1.1.0
54 silly fetch manifest @types/encodeurl@1.0.0
55 silly fetch manifest @types/escape-html@1.0.1
56 silly fetch manifest @types/etag@1.8.1
57 silly fetch manifest @types/finalhandler@1.1.1
58 silly fetch manifest @types/forwarded@0.1.0
59 silly fetch manifest @types/fresh@0.5.0
60 silly placeDep ROOT @types/content-disposition@0.5.4 OK for:  want: 0.5.4
61 silly placeDep ROOT @types/destroy@1.0.0 OK for:  want: 1.0.0
62 silly placeDep ROOT @types/ee-first@1.1.0 OK for:  want: 1.1.0
63 silly placeDep ROOT @types/encodeurl@1.0.0 OK for:  want: 1.0.0
64 silly placeDep ROOT @types/escape-html@1.0.1 OK for:  want: 1.0.1
65 silly placeDep ROOT @types/etag@1.8.1 OK for:  want: 1.8.1
66 silly placeDep ROOT @types/finalhandler@1.1.1 OK for:  want: 1.1.1
67 silly placeDep ROOT @types/forwarded@0.1.0 OK for:  want: 0.1.0
68 silly placeDep ROOT @types/fresh@0.5.0 OK for:  want: 0.5.0
69 silly placeDep ROOT @types/on-finished@2.3.1 OK for:  want: 2.3.1
70 silly placeDep ROOT @types/proxy-addr@2.0.0 OK for:  want: 2.0.0
71 silly placeDep ROOT @types/send@0.17.1 OK for:  want: 0.17.1
72 silly placeDep ROOT @types/statuses@2.0.0 OK for:  want: 2.0.0
73 timing idealTree:#root Completed in 22ms
74 timing idealTree:node_modules/@types/content-disposition Completed in 0ms
75 timing idealTree:node_modules/@types/destroy Completed in 0ms
76 timing idealTree:node_modules/@types/ee-first Completed in 0ms
77 timing idealTree:node_modules/@types/encodeurl Completed in 0ms
78 timing idealTree:node_modules/@types/escape-html Completed in 0ms
79 timing idealTree:node_modules/@types/etag Completed in 0ms
80 timing idealTree:node_modules/@types/finalhandler Completed in 0ms
81 timing idealTree:node_modules/@types/forwarded Completed in 0ms
82 timing idealTree:node_modules/@types/fresh Completed in 0ms
83 timing idealTree:node_modules/@types/on-finished Completed in 0ms
84 timing idealTree:node_modules/@types/proxy-addr Completed in 0ms
85 timing idealTree:node_modules/@types/send Completed in 0ms
86 timing idealTree:node_modules/@types/statuses Completed in 0ms
87 timing idealTree:buildDeps Completed in 25ms
88 timing idealTree:fixDepFlags Completed in 0ms
89 timing idealTree Completed in 1074ms
90 timing reify:loadTrees Completed in 1075ms
91 timing reify:diffTrees Completed in 3ms
92 silly reify moves {}
93 timing reify:retireShallow Completed in 1ms
94 timing reify:createSparse Completed in 2ms
95 timing reify:loadBundles Completed in 0ms
96 silly audit bulk request {
96 silly audit   '@types/body-parser': [ '1.19.2' ],
96 silly audit   '@types/brace-expansion': [ '1.1.0' ],
96 silly audit   '@types/bytes': [ '3.1.1' ],
96 silly audit   '@types/connect': [ '3.4.35' ],
96 silly audit   '@types/content-type': [ '1.1.5' ],
96 silly audit   '@types/debug': [ '4.1.7' ],
96 silly audit   '@types/depd': [ '1.1.32' ],
96 silly audit   '@types/express': [ '4.17.13' ],
96 silly audit   '@types/express-serve-static-core': [ '4.17.28' ],
96 silly audit   '@types/glob': [ '7.2.0' ],
96 silly audit   '@types/http-errors': [ '1.8.2' ],
96 silly audit   '@types/inherits': [ '0.0.30' ],
96 silly audit   '@types/merge-descriptors': [ '1.0.1' ],
96 silly audit   '@types/methods': [ '1.1.1' ],
96 silly audit   '@types/mime': [ '1.3.2' ],
96 silly audit   '@types/minimatch': [ '3.0.5' ],
96 silly audit   '@types/ms': [ '0.7.31' ],
96 silly audit   '@types/node': [ '17.0.21' ],
96 silly audit   '@types/once': [ '1.4.0' ],
96 silly audit   '@types/parseurl': [ '1.3.1' ],
96 silly audit   '@types/path-is-absolute': [ '1.0.0' ],
96 silly audit   '@types/qs': [ '6.9.7' ],
96 silly audit   '@types/range-parser': [ '1.2.4' ],
96 silly audit   '@types/serve-static': [ '1.13.10' ],
96 silly audit   '@types/type-is': [ '1.6.3' ],
96 silly audit   '@types/utils-merge': [ '0.0.28' ],
96 silly audit   'types-registry': [ '0.1.583' ],
96 silly audit   '@types/content-disposition': [ '0.5.4' ],
96 silly audit   '@types/destroy': [ '1.0.0' ],
96 silly audit   '@types/ee-first': [ '1.1.0' ],
96 silly audit   '@types/encodeurl': [ '1.0.0' ],
96 silly audit   '@types/escape-html': [ '1.0.1' ],
96 silly audit   '@types/etag': [ '1.8.1' ],
96 silly audit   '@types/finalhandler': [ '1.1.1' ],
96 silly audit   '@types/forwarded': [ '0.1.0' ],
96 silly audit   '@types/fresh': [ '0.5.0' ],
96 silly audit   '@types/on-finished': [ '2.3.1' ],
96 silly audit   '@types/proxy-addr': [ '2.0.0' ],
96 silly audit   '@types/send': [ '0.17.1' ],
96 silly audit   '@types/statuses': [ '2.0.0' ]
96 silly audit }
97 timing reifyNode:node_modules/@types/statuses Completed in 33ms
98 timing reifyNode:node_modules/@types/proxy-addr Completed in 33ms
99 timing reifyNode:node_modules/@types/send Completed in 33ms
100 timing reifyNode:node_modules/@types/fresh Completed in 33ms
101 timing reifyNode:node_modules/@types/on-finished Completed in 33ms
102 timing reifyNode:node_modules/@types/escape-html Completed in 33ms
103 timing reifyNode:node_modules/@types/forwarded Completed in 34ms
104 timing reifyNode:node_modules/@types/finalhandler Completed in 33ms
105 timing reifyNode:node_modules/@types/encodeurl Completed in 33ms
106 timing reifyNode:node_modules/@types/content-disposition Completed in 33ms
107 timing reifyNode:node_modules/@types/etag Completed in 33ms
108 timing reifyNode:node_modules/@types/ee-first Completed in 33ms
109 timing reifyNode:node_modules/@types/destroy Completed in 33ms
110 timing reify:unpack Completed in 34ms
111 timing reify:unretire Completed in 0ms
112 timing build:queue Completed in 0ms
113 timing build:deps Completed in 1ms
114 timing build Completed in 1ms
115 timing reify:build Completed in 1ms
116 timing reify:trash Completed in 0ms
117 timing reify:save Completed in 14ms
118 http fetch POST 200 https://registry.npmjs.org/-/npm/v1/security/advisories/bulk 151ms
119 timing auditReport:getReport Completed in 152ms
120 silly audit report {}
121 timing auditReport:init Completed in 0ms
122 timing reify:audit Completed in 153ms
123 timing reify Completed in 1239ms
124 silly ADD node_modules/@types/statuses
125 silly ADD node_modules/@types/send
126 silly ADD node_modules/@types/proxy-addr
127 silly ADD node_modules/@types/on-finished
128 silly ADD node_modules/@types/fresh
129 silly ADD node_modules/@types/forwarded
130 silly ADD node_modules/@types/finalhandler
131 silly ADD node_modules/@types/etag
132 silly ADD node_modules/@types/escape-html
133 silly ADD node_modules/@types/encodeurl
134 silly ADD node_modules/@types/ee-first
135 silly ADD node_modules/@types/destroy
136 silly ADD node_modules/@types/content-disposition
137 timing command:install Completed in 1246ms
138 verbose exit 0
139 timing npm Completed in 1547ms
140 info ok
