0 verbose cli [
0 verbose cli   '/Users/batiasegal/.nvm/versions/node/v17.5.0/bin/node',
0 verbose cli   '/Users/batiasegal/.nvm/versions/node/v17.5.0/bin/npm',
0 verbose cli   'install',
0 verbose cli   '--ignore-scripts',
0 verbose cli   'types-registry@latest'
0 verbose cli ]
1 info using npm@8.4.1
2 info using node@v17.5.0
3 timing npm:load:whichnode Completed in 0ms
4 timing config:load:defaults Completed in 3ms
5 timing config:load:file:/Users/batiasegal/.nvm/versions/node/v17.5.0/lib/node_modules/npm/npmrc Completed in 2ms
6 timing config:load:builtin Completed in 3ms
7 timing config:load:cli Completed in 5ms
8 timing config:load:env Completed in 0ms
9 timing config:load:file:/Users/batiasegal/Library/Caches/typescript/4.6/.npmrc Completed in 1ms
10 timing config:load:project Completed in 10ms
11 timing config:load:file:/Users/batiasegal/.npmrc Completed in 4ms
12 timing config:load:user Completed in 4ms
13 timing config:load:file:/Users/batiasegal/.nvm/versions/node/v17.5.0/etc/npmrc Completed in 0ms
14 timing config:load:global Completed in 0ms
15 timing config:load:validate Completed in 1ms
16 timing config:load:credentials Completed in 4ms
17 timing config:load:setEnvs Completed in 2ms
18 timing config:load Completed in 32ms
19 timing npm:load:configload Completed in 33ms
20 timing npm:load:setTitle Completed in 177ms
21 timing config:load:flatten Completed in 4ms
22 timing npm:load:display Completed in 4ms
23 verbose logfile /Users/batiasegal/.npm/_logs/2022-03-09T19_04_47_077Z-debug-0.log
24 timing npm:load:logFile Completed in 6ms
25 timing npm:load:timers Completed in 0ms
26 timing npm:load:configScope Completed in 0ms
27 timing npm:load Completed in 220ms
28 timing arborist:ctor Completed in 1ms
29 silly logfile start cleaning logs, removing 1 files
30 timing idealTree:init Completed in 198ms
31 timing arborist:ctor Completed in 0ms
32 http fetch GET 200 https://registry.npmjs.org/types-registry 129ms (cache hit)
33 timing idealTree:userRequests Completed in 141ms
34 silly idealTree buildDeps
35 silly fetch manifest types-registry@0.1.583
36 silly placeDep ROOT types-registry@0.1.583 REPLACE for:  want: 0.1.583
37 timing idealTree:#root Completed in 110ms
38 timing idealTree:node_modules/types-registry Completed in 0ms
39 timing idealTree:buildDeps Completed in 113ms
40 timing idealTree:fixDepFlags Completed in 0ms
41 timing idealTree Completed in 453ms
42 timing reify:loadTrees Completed in 454ms
43 timing reify:diffTrees Completed in 4ms
44 silly reify moves {}
45 timing reify:retireShallow Completed in 1ms
46 timing reify:createSparse Completed in 0ms
47 timing reify:loadBundles Completed in 0ms
48 silly audit bulk request {
48 silly audit   '@types/body-parser': [ '1.19.2' ],
48 silly audit   '@types/brace-expansion': [ '1.1.0' ],
48 silly audit   '@types/bytes': [ '3.1.1' ],
48 silly audit   '@types/connect': [ '3.4.35' ],
48 silly audit   '@types/content-type': [ '1.1.5' ],
48 silly audit   '@types/debug': [ '4.1.7' ],
48 silly audit   '@types/depd': [ '1.1.32' ],
48 silly audit   '@types/express': [ '4.17.13' ],
48 silly audit   '@types/express-serve-static-core': [ '4.17.28' ],
48 silly audit   '@types/glob': [ '7.2.0' ],
48 silly audit   '@types/http-errors': [ '1.8.2' ],
48 silly audit   '@types/inherits': [ '0.0.30' ],
48 silly audit   '@types/merge-descriptors': [ '1.0.1' ],
48 silly audit   '@types/mime': [ '1.3.2' ],
48 silly audit   '@types/minimatch': [ '3.0.5' ],
48 silly audit   '@types/ms': [ '0.7.31' ],
48 silly audit   '@types/node': [ '17.0.21' ],
48 silly audit   '@types/once': [ '1.4.0' ],
48 silly audit   '@types/path-is-absolute': [ '1.0.0' ],
48 silly audit   '@types/qs': [ '6.9.7' ],
48 silly audit   '@types/range-parser': [ '1.2.4' ],
48 silly audit   '@types/serve-static': [ '1.13.10' ],
48 silly audit   '@types/type-is': [ '1.6.3' ],
48 silly audit   'types-registry': [ '0.1.583' ]
48 silly audit }
49 timing reify:unpack Completed in 2ms
50 timing reify:unretire Completed in 0ms
51 timing build:queue Completed in 0ms
52 timing build:deps Completed in 1ms
53 timing build Completed in 1ms
54 timing reify:build Completed in 1ms
55 timing reify:trash Completed in 0ms
56 timing reify:save Completed in 36ms
57 http fetch POST 200 https://registry.npmjs.org/-/npm/v1/security/advisories/bulk 753ms
58 timing auditReport:getReport Completed in 755ms
59 silly audit report {}
60 timing auditReport:init Completed in 0ms
61 timing reify:audit Completed in 757ms
62 timing reify Completed in 1224ms
63 timing command:install Completed in 1229ms
64 verbose exit 0
65 timing npm Completed in 3210ms
66 info ok
