0 verbose cli [
0 verbose cli   '/Users/batiasegal/.nvm/versions/node/v17.5.0/bin/node',
0 verbose cli   '/Users/batiasegal/.nvm/versions/node/v17.5.0/bin/npm',
0 verbose cli   'install',
0 verbose cli   '--ignore-scripts',
0 verbose cli   '@types/node@ts4.6',
0 verbose cli   '@types/body-parser@ts4.6',
0 verbose cli   '@types/glob@ts4.6',
0 verbose cli   '@types/http-errors@ts4.6',
0 verbose cli   '@types/inherits@ts4.6',
0 verbose cli   '@types/merge-descriptors@ts4.6',
0 verbose cli   '@types/minimatch@ts4.6',
0 verbose cli   '@types/once@ts4.6',
0 verbose cli   '@types/path-is-absolute@ts4.6',
0 verbose cli   '@types/brace-expansion@ts4.6',
0 verbose cli   '@types/qs@ts4.6',
0 verbose cli   '@types/serve-static@ts4.6',
0 verbose cli   '@types/type-is@ts4.6',
0 verbose cli   '@types/bytes@ts4.6',
0 verbose cli   '@types/content-type@ts4.6',
0 verbose cli   '@types/debug@ts4.6',
0 verbose cli   '@types/depd@ts4.6',
0 verbose cli   '@types/express@ts4.6',
0 verbose cli   '--save-dev',
0 verbose cli   '--user-agent=typesInstaller/4.6.2'
0 verbose cli ]
1 info using npm@8.4.1
2 info using node@v17.5.0
3 timing npm:load:whichnode Completed in 0ms
4 timing config:load:defaults Completed in 3ms
5 timing config:load:file:/Users/batiasegal/.nvm/versions/node/v17.5.0/lib/node_modules/npm/npmrc Completed in 1ms
6 timing config:load:builtin Completed in 1ms
7 timing config:load:cli Completed in 3ms
8 timing config:load:env Completed in 0ms
9 timing config:load:file:/Users/batiasegal/Library/Caches/typescript/4.6/.npmrc Completed in 0ms
10 timing config:load:project Completed in 2ms
11 timing config:load:file:/Users/batiasegal/.npmrc Completed in 11ms
12 timing config:load:user Completed in 12ms
13 timing config:load:file:/Users/batiasegal/.nvm/versions/node/v17.5.0/etc/npmrc Completed in 1ms
14 timing config:load:global Completed in 1ms
15 timing config:load:validate Completed in 0ms
16 timing config:load:credentials Completed in 1ms
17 timing config:load:setEnvs Completed in 1ms
18 timing config:load Completed in 25ms
19 timing npm:load:configload Completed in 25ms
20 timing npm:load:setTitle Completed in 27ms
21 timing config:load:flatten Completed in 4ms
22 timing npm:load:display Completed in 5ms
23 verbose logfile /Users/batiasegal/.npm/_logs/2022-03-07T13_48_34_084Z-debug-0.log
24 timing npm:load:logFile Completed in 6ms
25 timing npm:load:timers Completed in 0ms
26 timing npm:load:configScope Completed in 0ms
27 timing npm:load Completed in 65ms
28 timing arborist:ctor Completed in 1ms
29 silly logfile start cleaning logs, removing 1 files
30 timing idealTree:init Completed in 17ms
31 timing arborist:ctor Completed in 0ms
32 http fetch GET 200 https://registry.npmjs.org/@types%2fbody-parser 545ms (cache revalidated)
33 http fetch GET 200 https://registry.npmjs.org/@types%2fhttp-errors 547ms (cache revalidated)
34 http fetch GET 200 https://registry.npmjs.org/@types%2fqs 546ms (cache revalidated)
35 http fetch GET 200 https://registry.npmjs.org/@types%2fglob 550ms (cache revalidated)
36 http fetch GET 200 https://registry.npmjs.org/@types%2fcontent-type 547ms (cache revalidated)
37 http fetch GET 200 https://registry.npmjs.org/@types%2ftype-is 548ms (cache revalidated)
38 http fetch GET 200 https://registry.npmjs.org/@types%2fexpress 548ms (cache revalidated)
39 http fetch GET 200 https://registry.npmjs.org/@types%2fbrace-expansion 552ms (cache miss)
40 http fetch GET 200 https://registry.npmjs.org/@types%2fserve-static 553ms (cache revalidated)
41 http fetch GET 200 https://registry.npmjs.org/@types%2fdepd 557ms (cache revalidated)
42 http fetch GET 200 https://registry.npmjs.org/@types%2fbytes 558ms (cache revalidated)
43 http fetch GET 200 https://registry.npmjs.org/@types%2fonce 561ms (cache miss)
44 http fetch GET 200 https://registry.npmjs.org/@types%2fnode 631ms (cache updated)
45 http fetch GET 200 https://registry.npmjs.org/@types%2fpath-is-absolute 1079ms (cache miss)
46 http fetch GET 200 https://registry.npmjs.org/@types%2finherits 1150ms (cache revalidated)
47 http fetch GET 200 https://registry.npmjs.org/@types%2fmerge-descriptors 1202ms (cache revalidated)
48 http fetch GET 200 https://registry.npmjs.org/@types%2fdebug 1210ms (cache revalidated)
49 http fetch GET 200 https://registry.npmjs.org/@types%2fminimatch 1239ms (cache revalidated)
50 timing idealTree:userRequests Completed in 1248ms
51 silly idealTree buildDeps
52 silly fetch manifest @types/node@17.0.21
53 silly fetch manifest @types/body-parser@1.19.2
54 silly fetch manifest @types/glob@7.2.0
55 silly fetch manifest @types/http-errors@1.8.2
56 silly fetch manifest @types/inherits@0.0.30
57 silly fetch manifest @types/merge-descriptors@1.0.1
58 silly fetch manifest @types/minimatch@3.0.5
59 silly fetch manifest @types/once@1.4.0
60 silly fetch manifest @types/path-is-absolute@1.0.0
61 silly fetch manifest @types/brace-expansion@1.1.0
62 silly fetch manifest @types/qs@6.9.7
63 silly fetch manifest @types/serve-static@1.13.10
64 silly fetch manifest @types/type-is@1.6.3
65 silly fetch manifest @types/bytes@3.1.1
66 silly fetch manifest @types/content-type@1.1.5
67 silly fetch manifest @types/debug@4.1.7
68 silly fetch manifest @types/depd@1.1.32
69 silly fetch manifest @types/express@4.17.13
70 silly placeDep ROOT @types/body-parser@1.19.2 OK for:  want: 1.19.2
71 silly placeDep ROOT @types/brace-expansion@1.1.0 OK for:  want: 1.1.0
72 silly placeDep ROOT @types/bytes@3.1.1 OK for:  want: 3.1.1
73 silly placeDep ROOT @types/content-type@1.1.5 OK for:  want: 1.1.5
74 silly placeDep ROOT @types/debug@4.1.7 OK for:  want: 4.1.7
75 silly placeDep ROOT @types/depd@1.1.32 OK for:  want: 1.1.32
76 silly placeDep ROOT @types/express@4.17.13 OK for:  want: 4.17.13
77 silly placeDep ROOT @types/glob@7.2.0 OK for:  want: 7.2.0
78 silly placeDep ROOT @types/http-errors@1.8.2 OK for:  want: 1.8.2
79 silly placeDep ROOT @types/inherits@0.0.30 OK for:  want: 0.0.30
80 silly placeDep ROOT @types/merge-descriptors@1.0.1 OK for:  want: 1.0.1
81 silly placeDep ROOT @types/minimatch@3.0.5 OK for:  want: 3.0.5
82 silly placeDep ROOT @types/node@17.0.21 OK for:  want: 17.0.21
83 silly placeDep ROOT @types/once@1.4.0 OK for:  want: 1.4.0
84 silly placeDep ROOT @types/path-is-absolute@1.0.0 OK for:  want: 1.0.0
85 silly placeDep ROOT @types/qs@6.9.7 OK for:  want: 6.9.7
86 silly placeDep ROOT @types/serve-static@1.13.10 OK for:  want: 1.13.10
87 silly placeDep ROOT @types/type-is@1.6.3 OK for:  want: 1.6.3
88 silly fetch manifest @types/connect@*
89 silly fetch manifest @types/ms@*
90 silly fetch manifest @types/express-serve-static-core@^4.17.18
91 silly fetch manifest @types/mime@^1
92 http fetch GET 200 https://registry.npmjs.org/@types%2fconnect 40ms (cache revalidated)
93 http fetch GET 200 https://registry.npmjs.org/@types%2fexpress-serve-static-core 41ms (cache revalidated)
94 http fetch GET 200 https://registry.npmjs.org/@types%2fmime 46ms (cache revalidated)
95 http fetch GET 200 https://registry.npmjs.org/@types%2fms 763ms (cache revalidated)
96 timing idealTree:#root Completed in 791ms
97 silly placeDep ROOT @types/connect@3.4.35 OK for: @types/body-parser@1.19.2 want: *
98 timing idealTree:node_modules/@types/body-parser Completed in 2ms
99 timing idealTree:node_modules/@types/brace-expansion Completed in 0ms
100 timing idealTree:node_modules/@types/bytes Completed in 0ms
101 timing idealTree:node_modules/@types/connect Completed in 0ms
102 timing idealTree:node_modules/@types/content-type Completed in 0ms
103 silly placeDep ROOT @types/ms@0.7.31 OK for: @types/debug@4.1.7 want: *
104 timing idealTree:node_modules/@types/debug Completed in 2ms
105 timing idealTree:node_modules/@types/depd Completed in 0ms
106 silly placeDep ROOT @types/express-serve-static-core@4.17.28 OK for: @types/express@4.17.13 want: ^4.17.18
107 silly fetch manifest @types/range-parser@*
108 http fetch GET 200 https://registry.npmjs.org/@types%2frange-parser 810ms (cache revalidated)
109 timing idealTree:node_modules/@types/express Completed in 813ms
110 silly placeDep ROOT @types/range-parser@1.2.4 OK for: @types/express-serve-static-core@4.17.28 want: *
111 timing idealTree:node_modules/@types/express-serve-static-core Completed in 1ms
112 timing idealTree:node_modules/@types/glob Completed in 0ms
113 timing idealTree:node_modules/@types/http-errors Completed in 0ms
114 timing idealTree:node_modules/@types/inherits Completed in 0ms
115 timing idealTree:node_modules/@types/merge-descriptors Completed in 0ms
116 timing idealTree:node_modules/@types/minimatch Completed in 0ms
117 timing idealTree:node_modules/@types/ms Completed in 0ms
118 timing idealTree:node_modules/@types/node Completed in 0ms
119 timing idealTree:node_modules/@types/once Completed in 0ms
120 timing idealTree:node_modules/@types/path-is-absolute Completed in 0ms
121 timing idealTree:node_modules/@types/qs Completed in 0ms
122 timing idealTree:node_modules/@types/range-parser Completed in 0ms
123 silly placeDep ROOT @types/mime@1.3.2 OK for: @types/serve-static@1.13.10 want: ^1
124 timing idealTree:node_modules/@types/serve-static Completed in 0ms
125 timing idealTree:node_modules/@types/mime Completed in 0ms
126 timing idealTree:node_modules/@types/type-is Completed in 0ms
127 timing idealTree:buildDeps Completed in 1614ms
128 timing idealTree:fixDepFlags Completed in 0ms
129 timing idealTree Completed in 2880ms
130 timing reify:loadTrees Completed in 2881ms
131 timing reify:diffTrees Completed in 2ms
132 silly reify moves {}
133 timing reify:retireShallow Completed in 0ms
134 timing reify:createSparse Completed in 5ms
135 timing reify:loadBundles Completed in 0ms
136 silly audit bulk request {
136 silly audit   'types-registry': [ '0.1.582' ],
136 silly audit   '@types/body-parser': [ '1.19.2' ],
136 silly audit   '@types/brace-expansion': [ '1.1.0' ],
136 silly audit   '@types/bytes': [ '3.1.1' ],
136 silly audit   '@types/content-type': [ '1.1.5' ],
136 silly audit   '@types/debug': [ '4.1.7' ],
136 silly audit   '@types/depd': [ '1.1.32' ],
136 silly audit   '@types/express': [ '4.17.13' ],
136 silly audit   '@types/glob': [ '7.2.0' ],
136 silly audit   '@types/http-errors': [ '1.8.2' ],
136 silly audit   '@types/inherits': [ '0.0.30' ],
136 silly audit   '@types/merge-descriptors': [ '1.0.1' ],
136 silly audit   '@types/minimatch': [ '3.0.5' ],
136 silly audit   '@types/node': [ '17.0.21' ],
136 silly audit   '@types/once': [ '1.4.0' ],
136 silly audit   '@types/path-is-absolute': [ '1.0.0' ],
136 silly audit   '@types/qs': [ '6.9.7' ],
136 silly audit   '@types/serve-static': [ '1.13.10' ],
136 silly audit   '@types/type-is': [ '1.6.3' ],
136 silly audit   '@types/connect': [ '3.4.35' ],
136 silly audit   '@types/ms': [ '0.7.31' ],
136 silly audit   '@types/express-serve-static-core': [ '4.17.28' ],
136 silly audit   '@types/range-parser': [ '1.2.4' ],
136 silly audit   '@types/mime': [ '1.3.2' ]
136 silly audit }
137 silly tarball no local data for @types/path-is-absolute@https://registry.npmjs.org/@types/path-is-absolute/-/path-is-absolute-1.0.0.tgz. Extracting by manifest.
138 silly tarball no local data for @types/once@https://registry.npmjs.org/@types/once/-/once-1.4.0.tgz. Extracting by manifest.
139 silly tarball no local data for @types/node@https://registry.npmjs.org/@types/node/-/node-17.0.21.tgz. Extracting by manifest.
140 silly tarball no local data for @types/brace-expansion@https://registry.npmjs.org/@types/brace-expansion/-/brace-expansion-1.1.0.tgz. Extracting by manifest.
141 timing reifyNode:node_modules/@types/range-parser Completed in 62ms
142 timing reifyNode:node_modules/@types/type-is Completed in 62ms
143 timing reifyNode:node_modules/@types/connect Completed in 62ms
144 timing reifyNode:node_modules/@types/serve-static Completed in 62ms
145 timing reifyNode:node_modules/@types/qs Completed in 62ms
146 timing reifyNode:node_modules/@types/ms Completed in 63ms
147 timing reifyNode:node_modules/@types/inherits Completed in 63ms
148 timing reifyNode:node_modules/@types/minimatch Completed in 63ms
149 timing reifyNode:node_modules/@types/glob Completed in 63ms
150 timing reifyNode:node_modules/@types/merge-descriptors Completed in 63ms
151 timing reifyNode:node_modules/@types/http-errors Completed in 63ms
152 timing reifyNode:node_modules/@types/content-type Completed in 62ms
153 timing reifyNode:node_modules/@types/debug Completed in 62ms
154 timing reifyNode:node_modules/@types/depd Completed in 63ms
155 timing reifyNode:node_modules/@types/bytes Completed in 62ms
156 timing reifyNode:node_modules/@types/body-parser Completed in 62ms
157 timing reifyNode:node_modules/@types/mime Completed in 65ms
158 timing reifyNode:node_modules/@types/express Completed in 65ms
159 timing reifyNode:node_modules/@types/express-serve-static-core Completed in 66ms
160 http fetch GET 200 https://registry.npmjs.org/@types/once/-/once-1.4.0.tgz 67ms (cache miss)
161 timing reifyNode:node_modules/@types/once Completed in 84ms
162 http fetch GET 200 https://registry.npmjs.org/@types/node/-/node-17.0.21.tgz 84ms (cache miss)
163 timing reifyNode:node_modules/@types/node Completed in 105ms
164 http fetch POST 200 https://registry.npmjs.org/-/npm/v1/security/advisories/bulk 139ms
165 timing auditReport:getReport Completed in 141ms
166 silly audit report {}
167 timing auditReport:init Completed in 0ms
168 timing reify:audit Completed in 142ms
169 http fetch GET 200 https://registry.npmjs.org/@types/brace-expansion/-/brace-expansion-1.1.0.tgz 414ms (cache miss)
170 timing reifyNode:node_modules/@types/brace-expansion Completed in 438ms
171 http fetch GET 200 https://registry.npmjs.org/@types/path-is-absolute/-/path-is-absolute-1.0.0.tgz 431ms (cache miss)
172 timing reifyNode:node_modules/@types/path-is-absolute Completed in 444ms
173 timing reify:unpack Completed in 445ms
174 timing reify:unretire Completed in 0ms
175 timing build:queue Completed in 5ms
176 timing build:deps Completed in 5ms
177 timing build Completed in 5ms
178 timing reify:build Completed in 5ms
179 timing reify:trash Completed in 0ms
180 timing reify:save Completed in 11ms
181 timing reify Completed in 3367ms
182 silly ADD node_modules/@types/mime
183 silly ADD node_modules/@types/range-parser
184 silly ADD node_modules/@types/express-serve-static-core
185 silly ADD node_modules/@types/ms
186 silly ADD node_modules/@types/connect
187 silly ADD node_modules/@types/type-is
188 silly ADD node_modules/@types/serve-static
189 silly ADD node_modules/@types/qs
190 silly ADD node_modules/@types/path-is-absolute
191 silly ADD node_modules/@types/once
192 silly ADD node_modules/@types/node
193 silly ADD node_modules/@types/minimatch
194 silly ADD node_modules/@types/merge-descriptors
195 silly ADD node_modules/@types/inherits
196 silly ADD node_modules/@types/http-errors
197 silly ADD node_modules/@types/glob
198 silly ADD node_modules/@types/express
199 silly ADD node_modules/@types/depd
200 silly ADD node_modules/@types/debug
201 silly ADD node_modules/@types/content-type
202 silly ADD node_modules/@types/bytes
203 silly ADD node_modules/@types/brace-expansion
204 silly ADD node_modules/@types/body-parser
205 timing command:install Completed in 3373ms
206 verbose exit 0
207 timing npm Completed in 3977ms
208 info ok
