2022-02-16 09:38:13,826 DEBUG    root            Loaded Command Group: ['gcloud', 'components']
2022-02-16 09:38:13,830 DEBUG    root            Loaded Command Group: ['gcloud', 'components', 'list']
2022-02-16 09:38:13,833 DEBUG    root            Running [gcloud.components.list] with arguments: [--format: "json", --quiet: "True"]
2022-02-16 09:38:13,851 DEBUG    urllib3.connectionpool Starting new HTTPS connection (1): dl.google.com:443
2022-02-16 09:38:13,949 DEBUG    urllib3.connectionpool https://dl.google.com:443 "GET /dl/cloudsdk/channels/rapid/components-2.json HTTP/1.1" 200 180433
2022-02-16 09:38:14,049 INFO     ___FILE_ONLY___ 
Your current Google Cloud CLI version is: 373.0.0

2022-02-16 09:38:14,049 INFO     ___FILE_ONLY___ The latest available version is: 373.0.0

2022-02-16 09:38:14,049 INFO     ___FILE_ONLY___ 

2022-02-16 09:38:14,050 INFO     root            Display format: "table[box,title="Components"](state.name:label=Status,name:label=Name,id:label=ID,size.size(zero="",min=1048576):label=Size:align=right) json"
2022-02-16 09:38:14,051 INFO     ___FILE_ONLY___ [
  {
2022-02-16 09:38:14,051 INFO     ___FILE_ONLY___ 
    "current_version_string": null,
2022-02-16 09:38:14,051 INFO     ___FILE_ONLY___ 
    "id": "app-engine-go",
2022-02-16 09:38:14,051 INFO     ___FILE_ONLY___ 
    "is_configuration": false,
2022-02-16 09:38:14,051 INFO     ___FILE_ONLY___ 
    "is_hidden": false,
2022-02-16 09:38:14,052 INFO     ___FILE_ONLY___ 
    "latest_version_string": "1.9.72",
2022-02-16 09:38:14,052 INFO     ___FILE_ONLY___ 
    "name": "App Engine Go Extensions",
2022-02-16 09:38:14,052 INFO     ___FILE_ONLY___ 
    "platform": {
2022-02-16 09:38:14,052 INFO     ___FILE_ONLY___ 
      "architecture": {
2022-02-16 09:38:14,052 INFO     ___FILE_ONLY___ 
        "file_name": "x86_64",
2022-02-16 09:38:14,052 INFO     ___FILE_ONLY___ 
        "id": "x86_64",
2022-02-16 09:38:14,052 INFO     ___FILE_ONLY___ 
        "name": "x86_64"
2022-02-16 09:38:14,052 INFO     ___FILE_ONLY___ 
      },
2022-02-16 09:38:14,053 INFO     ___FILE_ONLY___ 
      "operating_system": {
2022-02-16 09:38:14,053 INFO     ___FILE_ONLY___ 
        "file_name": "darwin",
2022-02-16 09:38:14,054 INFO     ___FILE_ONLY___ 
        "id": "MACOSX",
2022-02-16 09:38:14,054 INFO     ___FILE_ONLY___ 
        "name": "Mac OS X"
2022-02-16 09:38:14,054 INFO     ___FILE_ONLY___ 
      }
2022-02-16 09:38:14,054 INFO     ___FILE_ONLY___ 
    },
2022-02-16 09:38:14,054 INFO     ___FILE_ONLY___ 
    "platform_required": false,
2022-02-16 09:38:14,054 INFO     ___FILE_ONLY___ 
    "size": 4320254,
2022-02-16 09:38:14,054 INFO     ___FILE_ONLY___ 
    "state": {
2022-02-16 09:38:14,054 INFO     ___FILE_ONLY___ 
      "name": "Not Installed"
2022-02-16 09:38:14,054 INFO     ___FILE_ONLY___ 
    }
2022-02-16 09:38:14,054 INFO     ___FILE_ONLY___ 
  }
2022-02-16 09:38:14,055 INFO     ___FILE_ONLY___ ,
  {
2022-02-16 09:38:14,056 INFO     ___FILE_ONLY___ 
    "current_version_string": null,
2022-02-16 09:38:14,056 INFO     ___FILE_ONLY___ 
    "id": "appctl",
2022-02-16 09:38:14,056 INFO     ___FILE_ONLY___ 
    "is_configuration": false,
2022-02-16 09:38:14,056 INFO     ___FILE_ONLY___ 
    "is_hidden": false,
2022-02-16 09:38:14,056 INFO     ___FILE_ONLY___ 
    "latest_version_string": "0.1.12",
2022-02-16 09:38:14,056 INFO     ___FILE_ONLY___ 
    "name": "Appctl",
2022-02-16 09:38:14,056 INFO     ___FILE_ONLY___ 
    "platform": {
2022-02-16 09:38:14,056 INFO     ___FILE_ONLY___ 
      "architecture": {
2022-02-16 09:38:14,056 INFO     ___FILE_ONLY___ 
        "file_name": "x86_64",
2022-02-16 09:38:14,057 INFO     ___FILE_ONLY___ 
        "id": "x86_64",
2022-02-16 09:38:14,057 INFO     ___FILE_ONLY___ 
        "name": "x86_64"
2022-02-16 09:38:14,057 INFO     ___FILE_ONLY___ 
      },
2022-02-16 09:38:14,057 INFO     ___FILE_ONLY___ 
      "operating_system": {
2022-02-16 09:38:14,057 INFO     ___FILE_ONLY___ 
        "file_name": "darwin",
2022-02-16 09:38:14,057 INFO     ___FILE_ONLY___ 
        "id": "MACOSX",
2022-02-16 09:38:14,057 INFO     ___FILE_ONLY___ 
        "name": "Mac OS X"
2022-02-16 09:38:14,057 INFO     ___FILE_ONLY___ 
      }
2022-02-16 09:38:14,057 INFO     ___FILE_ONLY___ 
    },
2022-02-16 09:38:14,057 INFO     ___FILE_ONLY___ 
    "platform_required": false,
2022-02-16 09:38:14,057 INFO     ___FILE_ONLY___ 
    "size": 19381598,
2022-02-16 09:38:14,057 INFO     ___FILE_ONLY___ 
    "state": {
2022-02-16 09:38:14,058 INFO     ___FILE_ONLY___ 
      "name": "Not Installed"
2022-02-16 09:38:14,058 INFO     ___FILE_ONLY___ 
    }
2022-02-16 09:38:14,058 INFO     ___FILE_ONLY___ 
  }
2022-02-16 09:38:14,058 INFO     ___FILE_ONLY___ ,
  {
2022-02-16 09:38:14,059 INFO     ___FILE_ONLY___ 
    "current_version_string": null,
2022-02-16 09:38:14,059 INFO     ___FILE_ONLY___ 
    "id": "cbt",
2022-02-16 09:38:14,059 INFO     ___FILE_ONLY___ 
    "is_configuration": false,
2022-02-16 09:38:14,059 INFO     ___FILE_ONLY___ 
    "is_hidden": false,
2022-02-16 09:38:14,059 INFO     ___FILE_ONLY___ 
    "latest_version_string": "0.11.0",
2022-02-16 09:38:14,059 INFO     ___FILE_ONLY___ 
    "name": "Cloud Bigtable Command Line Tool",
2022-02-16 09:38:14,059 INFO     ___FILE_ONLY___ 
    "platform": {
2022-02-16 09:38:14,059 INFO     ___FILE_ONLY___ 
      "architecture": {
2022-02-16 09:38:14,059 INFO     ___FILE_ONLY___ 
        "file_name": "x86_64",
2022-02-16 09:38:14,059 INFO     ___FILE_ONLY___ 
        "id": "x86_64",
2022-02-16 09:38:14,059 INFO     ___FILE_ONLY___ 
        "name": "x86_64"
2022-02-16 09:38:14,059 INFO     ___FILE_ONLY___ 
      },
2022-02-16 09:38:14,060 INFO     ___FILE_ONLY___ 
      "operating_system": {
2022-02-16 09:38:14,060 INFO     ___FILE_ONLY___ 
        "file_name": "darwin",
2022-02-16 09:38:14,060 INFO     ___FILE_ONLY___ 
        "id": "MACOSX",
2022-02-16 09:38:14,060 INFO     ___FILE_ONLY___ 
        "name": "Mac OS X"
2022-02-16 09:38:14,060 INFO     ___FILE_ONLY___ 
      }
2022-02-16 09:38:14,060 INFO     ___FILE_ONLY___ 
    },
2022-02-16 09:38:14,060 INFO     ___FILE_ONLY___ 
    "platform_required": false,
2022-02-16 09:38:14,060 INFO     ___FILE_ONLY___ 
    "size": 8710170,
2022-02-16 09:38:14,060 INFO     ___FILE_ONLY___ 
    "state": {
2022-02-16 09:38:14,060 INFO     ___FILE_ONLY___ 
      "name": "Not Installed"
2022-02-16 09:38:14,060 INFO     ___FILE_ONLY___ 
    }
2022-02-16 09:38:14,060 INFO     ___FILE_ONLY___ 
  }
2022-02-16 09:38:14,061 INFO     ___FILE_ONLY___ ,
  {
2022-02-16 09:38:14,061 INFO     ___FILE_ONLY___ 
    "current_version_string": null,
2022-02-16 09:38:14,061 INFO     ___FILE_ONLY___ 
    "id": "bigtable",
2022-02-16 09:38:14,061 INFO     ___FILE_ONLY___ 
    "is_configuration": false,
2022-02-16 09:38:14,061 INFO     ___FILE_ONLY___ 
    "is_hidden": false,
2022-02-16 09:38:14,061 INFO     ___FILE_ONLY___ 
    "latest_version_string": "",
2022-02-16 09:38:14,061 INFO     ___FILE_ONLY___ 
    "name": "Cloud Bigtable Emulator",
2022-02-16 09:38:14,061 INFO     ___FILE_ONLY___ 
    "platform": {
2022-02-16 09:38:14,061 INFO     ___FILE_ONLY___ 
      "architecture": {
2022-02-16 09:38:14,061 INFO     ___FILE_ONLY___ 
        "file_name": "x86_64",
2022-02-16 09:38:14,061 INFO     ___FILE_ONLY___ 
        "id": "x86_64",
2022-02-16 09:38:14,061 INFO     ___FILE_ONLY___ 
        "name": "x86_64"
2022-02-16 09:38:14,062 INFO     ___FILE_ONLY___ 
      },
2022-02-16 09:38:14,062 INFO     ___FILE_ONLY___ 
      "operating_system": {
2022-02-16 09:38:14,062 INFO     ___FILE_ONLY___ 
        "file_name": "darwin",
2022-02-16 09:38:14,062 INFO     ___FILE_ONLY___ 
        "id": "MACOSX",
2022-02-16 09:38:14,062 INFO     ___FILE_ONLY___ 
        "name": "Mac OS X"
2022-02-16 09:38:14,062 INFO     ___FILE_ONLY___ 
      }
2022-02-16 09:38:14,062 INFO     ___FILE_ONLY___ 
    },
2022-02-16 09:38:14,062 INFO     ___FILE_ONLY___ 
    "platform_required": false,
2022-02-16 09:38:14,062 INFO     ___FILE_ONLY___ 
    "size": 6190366,
2022-02-16 09:38:14,062 INFO     ___FILE_ONLY___ 
    "state": {
2022-02-16 09:38:14,062 INFO     ___FILE_ONLY___ 
      "name": "Not Installed"
2022-02-16 09:38:14,062 INFO     ___FILE_ONLY___ 
    }
2022-02-16 09:38:14,062 INFO     ___FILE_ONLY___ 
  }
2022-02-16 09:38:14,063 INFO     ___FILE_ONLY___ ,
  {
2022-02-16 09:38:14,063 INFO     ___FILE_ONLY___ 
    "current_version_string": null,
2022-02-16 09:38:14,063 INFO     ___FILE_ONLY___ 
    "id": "datalab",
2022-02-16 09:38:14,063 INFO     ___FILE_ONLY___ 
    "is_configuration": false,
2022-02-16 09:38:14,063 INFO     ___FILE_ONLY___ 
    "is_hidden": false,
2022-02-16 09:38:14,063 INFO     ___FILE_ONLY___ 
    "latest_version_string": "20190610",
2022-02-16 09:38:14,063 INFO     ___FILE_ONLY___ 
    "name": "Cloud Datalab Command Line Tool",
2022-02-16 09:38:14,063 INFO     ___FILE_ONLY___ 
    "platform": {
2022-02-16 09:38:14,064 INFO     ___FILE_ONLY___ 
      "architecture": {
2022-02-16 09:38:14,064 INFO     ___FILE_ONLY___ 
        "file_name": "x86_64",
2022-02-16 09:38:14,064 INFO     ___FILE_ONLY___ 
        "id": "x86_64",
2022-02-16 09:38:14,064 INFO     ___FILE_ONLY___ 
        "name": "x86_64"
2022-02-16 09:38:14,064 INFO     ___FILE_ONLY___ 
      },
2022-02-16 09:38:14,064 INFO     ___FILE_ONLY___ 
      "operating_system": {
2022-02-16 09:38:14,064 INFO     ___FILE_ONLY___ 
        "file_name": "darwin",
2022-02-16 09:38:14,064 INFO     ___FILE_ONLY___ 
        "id": "MACOSX",
2022-02-16 09:38:14,064 INFO     ___FILE_ONLY___ 
        "name": "Mac OS X"
2022-02-16 09:38:14,064 INFO     ___FILE_ONLY___ 
      }
2022-02-16 09:38:14,064 INFO     ___FILE_ONLY___ 
    },
2022-02-16 09:38:14,064 INFO     ___FILE_ONLY___ 
    "platform_required": false,
2022-02-16 09:38:14,064 INFO     ___FILE_ONLY___ 
    "size": 74849,
2022-02-16 09:38:14,064 INFO     ___FILE_ONLY___ 
    "state": {
2022-02-16 09:38:14,064 INFO     ___FILE_ONLY___ 
      "name": "Not Installed"
2022-02-16 09:38:14,065 INFO     ___FILE_ONLY___ 
    }
2022-02-16 09:38:14,065 INFO     ___FILE_ONLY___ 
  }
2022-02-16 09:38:14,065 INFO     ___FILE_ONLY___ ,
  {
2022-02-16 09:38:14,065 INFO     ___FILE_ONLY___ 
    "current_version_string": null,
2022-02-16 09:38:14,065 INFO     ___FILE_ONLY___ 
    "id": "cloud-datastore-emulator",
2022-02-16 09:38:14,065 INFO     ___FILE_ONLY___ 
    "is_configuration": false,
2022-02-16 09:38:14,065 INFO     ___FILE_ONLY___ 
    "is_hidden": false,
2022-02-16 09:38:14,065 INFO     ___FILE_ONLY___ 
    "latest_version_string": "2.1.0",
2022-02-16 09:38:14,065 INFO     ___FILE_ONLY___ 
    "name": "Cloud Datastore Emulator",
2022-02-16 09:38:14,066 INFO     ___FILE_ONLY___ 
    "platform": {
2022-02-16 09:38:14,066 INFO     ___FILE_ONLY___ 
      "architecture": {
2022-02-16 09:38:14,066 INFO     ___FILE_ONLY___ 
        "file_name": "x86_64",
2022-02-16 09:38:14,066 INFO     ___FILE_ONLY___ 
        "id": "x86_64",
2022-02-16 09:38:14,066 INFO     ___FILE_ONLY___ 
        "name": "x86_64"
2022-02-16 09:38:14,066 INFO     ___FILE_ONLY___ 
      },
2022-02-16 09:38:14,066 INFO     ___FILE_ONLY___ 
      "operating_system": {
2022-02-16 09:38:14,066 INFO     ___FILE_ONLY___ 
        "file_name": "darwin",
2022-02-16 09:38:14,066 INFO     ___FILE_ONLY___ 
        "id": "MACOSX",
2022-02-16 09:38:14,066 INFO     ___FILE_ONLY___ 
        "name": "Mac OS X"
2022-02-16 09:38:14,066 INFO     ___FILE_ONLY___ 
      }
2022-02-16 09:38:14,066 INFO     ___FILE_ONLY___ 
    },
2022-02-16 09:38:14,066 INFO     ___FILE_ONLY___ 
    "platform_required": false,
2022-02-16 09:38:14,066 INFO     ___FILE_ONLY___ 
    "size": 19269211,
2022-02-16 09:38:14,066 INFO     ___FILE_ONLY___ 
    "state": {
2022-02-16 09:38:14,067 INFO     ___FILE_ONLY___ 
      "name": "Not Installed"
2022-02-16 09:38:14,067 INFO     ___FILE_ONLY___ 
    }
2022-02-16 09:38:14,067 INFO     ___FILE_ONLY___ 
  }
2022-02-16 09:38:14,067 INFO     ___FILE_ONLY___ ,
  {
2022-02-16 09:38:14,067 INFO     ___FILE_ONLY___ 
    "current_version_string": null,
2022-02-16 09:38:14,067 INFO     ___FILE_ONLY___ 
    "id": "cloud-firestore-emulator",
2022-02-16 09:38:14,067 INFO     ___FILE_ONLY___ 
    "is_configuration": false,
2022-02-16 09:38:14,067 INFO     ___FILE_ONLY___ 
    "is_hidden": false,
2022-02-16 09:38:14,068 INFO     ___FILE_ONLY___ 
    "latest_version_string": "1.13.1",
2022-02-16 09:38:14,068 INFO     ___FILE_ONLY___ 
    "name": "Cloud Firestore Emulator",
2022-02-16 09:38:14,068 INFO     ___FILE_ONLY___ 
    "platform": {
2022-02-16 09:38:14,068 INFO     ___FILE_ONLY___ 
      "architecture": {
2022-02-16 09:38:14,068 INFO     ___FILE_ONLY___ 
        "file_name": "x86_64",
2022-02-16 09:38:14,068 INFO     ___FILE_ONLY___ 
        "id": "x86_64",
2022-02-16 09:38:14,068 INFO     ___FILE_ONLY___ 
        "name": "x86_64"
2022-02-16 09:38:14,068 INFO     ___FILE_ONLY___ 
      },
2022-02-16 09:38:14,068 INFO     ___FILE_ONLY___ 
      "operating_system": {
2022-02-16 09:38:14,068 INFO     ___FILE_ONLY___ 
        "file_name": "darwin",
2022-02-16 09:38:14,069 INFO     ___FILE_ONLY___ 
        "id": "MACOSX",
2022-02-16 09:38:14,069 INFO     ___FILE_ONLY___ 
        "name": "Mac OS X"
2022-02-16 09:38:14,069 INFO     ___FILE_ONLY___ 
      }
2022-02-16 09:38:14,069 INFO     ___FILE_ONLY___ 
    },
2022-02-16 09:38:14,069 INFO     ___FILE_ONLY___ 
    "platform_required": false,
2022-02-16 09:38:14,069 INFO     ___FILE_ONLY___ 
    "size": 42434588,
2022-02-16 09:38:14,069 INFO     ___FILE_ONLY___ 
    "state": {
2022-02-16 09:38:14,069 INFO     ___FILE_ONLY___ 
      "name": "Not Installed"
2022-02-16 09:38:14,070 INFO     ___FILE_ONLY___ 
    }
2022-02-16 09:38:14,070 INFO     ___FILE_ONLY___ 
  }
2022-02-16 09:38:14,071 INFO     ___FILE_ONLY___ ,
  {
2022-02-16 09:38:14,071 INFO     ___FILE_ONLY___ 
    "current_version_string": null,
2022-02-16 09:38:14,071 INFO     ___FILE_ONLY___ 
    "id": "pubsub-emulator",
2022-02-16 09:38:14,071 INFO     ___FILE_ONLY___ 
    "is_configuration": false,
2022-02-16 09:38:14,071 INFO     ___FILE_ONLY___ 
    "is_hidden": false,
2022-02-16 09:38:14,072 INFO     ___FILE_ONLY___ 
    "latest_version_string": "0.6.0",
2022-02-16 09:38:14,072 INFO     ___FILE_ONLY___ 
    "name": "Cloud Pub/Sub Emulator",
2022-02-16 09:38:14,072 INFO     ___FILE_ONLY___ 
    "platform": {
2022-02-16 09:38:14,072 INFO     ___FILE_ONLY___ 
      "architecture": {
2022-02-16 09:38:14,072 INFO     ___FILE_ONLY___ 
        "file_name": "x86_64",
2022-02-16 09:38:14,072 INFO     ___FILE_ONLY___ 
        "id": "x86_64",
2022-02-16 09:38:14,072 INFO     ___FILE_ONLY___ 
        "name": "x86_64"
2022-02-16 09:38:14,073 INFO     ___FILE_ONLY___ 
      },
2022-02-16 09:38:14,073 INFO     ___FILE_ONLY___ 
      "operating_system": {
2022-02-16 09:38:14,073 INFO     ___FILE_ONLY___ 
        "file_name": "darwin",
2022-02-16 09:38:14,073 INFO     ___FILE_ONLY___ 
        "id": "MACOSX",
2022-02-16 09:38:14,073 INFO     ___FILE_ONLY___ 
        "name": "Mac OS X"
2022-02-16 09:38:14,073 INFO     ___FILE_ONLY___ 
      }
2022-02-16 09:38:14,073 INFO     ___FILE_ONLY___ 
    },
2022-02-16 09:38:14,073 INFO     ___FILE_ONLY___ 
    "platform_required": false,
2022-02-16 09:38:14,073 INFO     ___FILE_ONLY___ 
    "size": 63687051,
2022-02-16 09:38:14,073 INFO     ___FILE_ONLY___ 
    "state": {
2022-02-16 09:38:14,074 INFO     ___FILE_ONLY___ 
      "name": "Not Installed"
2022-02-16 09:38:14,074 INFO     ___FILE_ONLY___ 
    }
2022-02-16 09:38:14,074 INFO     ___FILE_ONLY___ 
  }
2022-02-16 09:38:14,075 INFO     ___FILE_ONLY___ ,
  {
2022-02-16 09:38:14,075 INFO     ___FILE_ONLY___ 
    "current_version_string": null,
2022-02-16 09:38:14,075 INFO     ___FILE_ONLY___ 
    "id": "cloud_sql_proxy",
2022-02-16 09:38:14,075 INFO     ___FILE_ONLY___ 
    "is_configuration": false,
2022-02-16 09:38:14,075 INFO     ___FILE_ONLY___ 
    "is_hidden": false,
2022-02-16 09:38:14,075 INFO     ___FILE_ONLY___ 
    "latest_version_string": "1.27.0",
2022-02-16 09:38:14,076 INFO     ___FILE_ONLY___ 
    "name": "Cloud SQL Proxy",
2022-02-16 09:38:14,076 INFO     ___FILE_ONLY___ 
    "platform": {
2022-02-16 09:38:14,076 INFO     ___FILE_ONLY___ 
      "architecture": {
2022-02-16 09:38:14,076 INFO     ___FILE_ONLY___ 
        "file_name": "x86_64",
2022-02-16 09:38:14,076 INFO     ___FILE_ONLY___ 
        "id": "x86_64",
2022-02-16 09:38:14,076 INFO     ___FILE_ONLY___ 
        "name": "x86_64"
2022-02-16 09:38:14,076 INFO     ___FILE_ONLY___ 
      },
2022-02-16 09:38:14,076 INFO     ___FILE_ONLY___ 
      "operating_system": {
2022-02-16 09:38:14,076 INFO     ___FILE_ONLY___ 
        "file_name": "darwin",
2022-02-16 09:38:14,076 INFO     ___FILE_ONLY___ 
        "id": "MACOSX",
2022-02-16 09:38:14,077 INFO     ___FILE_ONLY___ 
        "name": "Mac OS X"
2022-02-16 09:38:14,077 INFO     ___FILE_ONLY___ 
      }
2022-02-16 09:38:14,077 INFO     ___FILE_ONLY___ 
    },
2022-02-16 09:38:14,077 INFO     ___FILE_ONLY___ 
    "platform_required": false,
2022-02-16 09:38:14,077 INFO     ___FILE_ONLY___ 
    "size": 7986647,
2022-02-16 09:38:14,077 INFO     ___FILE_ONLY___ 
    "state": {
2022-02-16 09:38:14,077 INFO     ___FILE_ONLY___ 
      "name": "Not Installed"
2022-02-16 09:38:14,077 INFO     ___FILE_ONLY___ 
    }
2022-02-16 09:38:14,077 INFO     ___FILE_ONLY___ 
  }
2022-02-16 09:38:14,078 INFO     ___FILE_ONLY___ ,
  {
2022-02-16 09:38:14,078 INFO     ___FILE_ONLY___ 
    "current_version_string": null,
2022-02-16 09:38:14,078 INFO     ___FILE_ONLY___ 
    "id": "cloud-build-local",
2022-02-16 09:38:14,078 INFO     ___FILE_ONLY___ 
    "is_configuration": false,
2022-02-16 09:38:14,078 INFO     ___FILE_ONLY___ 
    "is_hidden": false,
2022-02-16 09:38:14,079 INFO     ___FILE_ONLY___ 
    "latest_version_string": "0.5.2",
2022-02-16 09:38:14,079 INFO     ___FILE_ONLY___ 
    "name": "Google Cloud Build Local Builder",
2022-02-16 09:38:14,079 INFO     ___FILE_ONLY___ 
    "platform": {
2022-02-16 09:38:14,079 INFO     ___FILE_ONLY___ 
      "architecture": {
2022-02-16 09:38:14,079 INFO     ___FILE_ONLY___ 
        "file_name": "x86_64",
2022-02-16 09:38:14,079 INFO     ___FILE_ONLY___ 
        "id": "x86_64",
2022-02-16 09:38:14,079 INFO     ___FILE_ONLY___ 
        "name": "x86_64"
2022-02-16 09:38:14,079 INFO     ___FILE_ONLY___ 
      },
2022-02-16 09:38:14,079 INFO     ___FILE_ONLY___ 
      "operating_system": {
2022-02-16 09:38:14,079 INFO     ___FILE_ONLY___ 
        "file_name": "darwin",
2022-02-16 09:38:14,080 INFO     ___FILE_ONLY___ 
        "id": "MACOSX",
2022-02-16 09:38:14,080 INFO     ___FILE_ONLY___ 
        "name": "Mac OS X"
2022-02-16 09:38:14,080 INFO     ___FILE_ONLY___ 
      }
2022-02-16 09:38:14,080 INFO     ___FILE_ONLY___ 
    },
2022-02-16 09:38:14,080 INFO     ___FILE_ONLY___ 
    "platform_required": false,
2022-02-16 09:38:14,080 INFO     ___FILE_ONLY___ 
    "size": 6461890,
2022-02-16 09:38:14,080 INFO     ___FILE_ONLY___ 
    "state": {
2022-02-16 09:38:14,080 INFO     ___FILE_ONLY___ 
      "name": "Not Installed"
2022-02-16 09:38:14,080 INFO     ___FILE_ONLY___ 
    }
2022-02-16 09:38:14,080 INFO     ___FILE_ONLY___ 
  }
2022-02-16 09:38:14,081 INFO     ___FILE_ONLY___ ,
  {
2022-02-16 09:38:14,081 INFO     ___FILE_ONLY___ 
    "current_version_string": null,
2022-02-16 09:38:14,081 INFO     ___FILE_ONLY___ 
    "id": "docker-credential-gcr",
2022-02-16 09:38:14,081 INFO     ___FILE_ONLY___ 
    "is_configuration": false,
2022-02-16 09:38:14,081 INFO     ___FILE_ONLY___ 
    "is_hidden": false,
2022-02-16 09:38:14,081 INFO     ___FILE_ONLY___ 
    "latest_version_string": "1.5.0",
2022-02-16 09:38:14,081 INFO     ___FILE_ONLY___ 
    "name": "Google Container Registry's Docker credential helper",
2022-02-16 09:38:14,081 INFO     ___FILE_ONLY___ 
    "platform": {
2022-02-16 09:38:14,081 INFO     ___FILE_ONLY___ 
      "architecture": {
2022-02-16 09:38:14,081 INFO     ___FILE_ONLY___ 
        "file_name": "x86_64",
2022-02-16 09:38:14,081 INFO     ___FILE_ONLY___ 
        "id": "x86_64",
2022-02-16 09:38:14,081 INFO     ___FILE_ONLY___ 
        "name": "x86_64"
2022-02-16 09:38:14,082 INFO     ___FILE_ONLY___ 
      },
2022-02-16 09:38:14,082 INFO     ___FILE_ONLY___ 
      "operating_system": {
2022-02-16 09:38:14,082 INFO     ___FILE_ONLY___ 
        "file_name": "darwin",
2022-02-16 09:38:14,082 INFO     ___FILE_ONLY___ 
        "id": "MACOSX",
2022-02-16 09:38:14,082 INFO     ___FILE_ONLY___ 
        "name": "Mac OS X"
2022-02-16 09:38:14,082 INFO     ___FILE_ONLY___ 
      }
2022-02-16 09:38:14,082 INFO     ___FILE_ONLY___ 
    },
2022-02-16 09:38:14,082 INFO     ___FILE_ONLY___ 
    "platform_required": false,
2022-02-16 09:38:14,082 INFO     ___FILE_ONLY___ 
    "size": 2266831,
2022-02-16 09:38:14,082 INFO     ___FILE_ONLY___ 
    "state": {
2022-02-16 09:38:14,082 INFO     ___FILE_ONLY___ 
      "name": "Not Installed"
2022-02-16 09:38:14,082 INFO     ___FILE_ONLY___ 
    }
2022-02-16 09:38:14,082 INFO     ___FILE_ONLY___ 
  }
2022-02-16 09:38:14,083 INFO     ___FILE_ONLY___ ,
  {
2022-02-16 09:38:14,083 INFO     ___FILE_ONLY___ 
    "current_version_string": null,
2022-02-16 09:38:14,083 INFO     ___FILE_ONLY___ 
    "id": "kustomize",
2022-02-16 09:38:14,083 INFO     ___FILE_ONLY___ 
    "is_configuration": false,
2022-02-16 09:38:14,083 INFO     ___FILE_ONLY___ 
    "is_hidden": false,
2022-02-16 09:38:14,083 INFO     ___FILE_ONLY___ 
    "latest_version_string": "4.4.0",
2022-02-16 09:38:14,083 INFO     ___FILE_ONLY___ 
    "name": "Kustomize",
2022-02-16 09:38:14,083 INFO     ___FILE_ONLY___ 
    "platform": {
2022-02-16 09:38:14,084 INFO     ___FILE_ONLY___ 
      "architecture": {
2022-02-16 09:38:14,084 INFO     ___FILE_ONLY___ 
        "file_name": "x86_64",
2022-02-16 09:38:14,084 INFO     ___FILE_ONLY___ 
        "id": "x86_64",
2022-02-16 09:38:14,084 INFO     ___FILE_ONLY___ 
        "name": "x86_64"
2022-02-16 09:38:14,084 INFO     ___FILE_ONLY___ 
      },
2022-02-16 09:38:14,084 INFO     ___FILE_ONLY___ 
      "operating_system": {
2022-02-16 09:38:14,084 INFO     ___FILE_ONLY___ 
        "file_name": "darwin",
2022-02-16 09:38:14,084 INFO     ___FILE_ONLY___ 
        "id": "MACOSX",
2022-02-16 09:38:14,084 INFO     ___FILE_ONLY___ 
        "name": "Mac OS X"
2022-02-16 09:38:14,084 INFO     ___FILE_ONLY___ 
      }
2022-02-16 09:38:14,084 INFO     ___FILE_ONLY___ 
    },
2022-02-16 09:38:14,084 INFO     ___FILE_ONLY___ 
    "platform_required": false,
2022-02-16 09:38:14,084 INFO     ___FILE_ONLY___ 
    "size": 7961940,
2022-02-16 09:38:14,084 INFO     ___FILE_ONLY___ 
    "state": {
2022-02-16 09:38:14,084 INFO     ___FILE_ONLY___ 
      "name": "Not Installed"
2022-02-16 09:38:14,085 INFO     ___FILE_ONLY___ 
    }
2022-02-16 09:38:14,085 INFO     ___FILE_ONLY___ 
  }
2022-02-16 09:38:14,085 INFO     ___FILE_ONLY___ ,
  {
2022-02-16 09:38:14,085 INFO     ___FILE_ONLY___ 
    "current_version_string": null,
2022-02-16 09:38:14,086 INFO     ___FILE_ONLY___ 
    "id": "minikube",
2022-02-16 09:38:14,086 INFO     ___FILE_ONLY___ 
    "is_configuration": false,
2022-02-16 09:38:14,086 INFO     ___FILE_ONLY___ 
    "is_hidden": false,
2022-02-16 09:38:14,086 INFO     ___FILE_ONLY___ 
    "latest_version_string": "1.24.0",
2022-02-16 09:38:14,086 INFO     ___FILE_ONLY___ 
    "name": "Minikube",
2022-02-16 09:38:14,086 INFO     ___FILE_ONLY___ 
    "platform": {
2022-02-16 09:38:14,086 INFO     ___FILE_ONLY___ 
      "architecture": {
2022-02-16 09:38:14,086 INFO     ___FILE_ONLY___ 
        "file_name": "x86_64",
2022-02-16 09:38:14,086 INFO     ___FILE_ONLY___ 
        "id": "x86_64",
2022-02-16 09:38:14,087 INFO     ___FILE_ONLY___ 
        "name": "x86_64"
2022-02-16 09:38:14,087 INFO     ___FILE_ONLY___ 
      },
2022-02-16 09:38:14,087 INFO     ___FILE_ONLY___ 
      "operating_system": {
2022-02-16 09:38:14,087 INFO     ___FILE_ONLY___ 
        "file_name": "darwin",
2022-02-16 09:38:14,087 INFO     ___FILE_ONLY___ 
        "id": "MACOSX",
2022-02-16 09:38:14,088 INFO     ___FILE_ONLY___ 
        "name": "Mac OS X"
2022-02-16 09:38:14,088 INFO     ___FILE_ONLY___ 
      }
2022-02-16 09:38:14,088 INFO     ___FILE_ONLY___ 
    },
2022-02-16 09:38:14,088 INFO     ___FILE_ONLY___ 
    "platform_required": false,
2022-02-16 09:38:14,088 INFO     ___FILE_ONLY___ 
    "size": 28083474,
2022-02-16 09:38:14,088 INFO     ___FILE_ONLY___ 
    "state": {
2022-02-16 09:38:14,088 INFO     ___FILE_ONLY___ 
      "name": "Not Installed"
2022-02-16 09:38:14,088 INFO     ___FILE_ONLY___ 
    }
2022-02-16 09:38:14,088 INFO     ___FILE_ONLY___ 
  }
2022-02-16 09:38:14,089 INFO     ___FILE_ONLY___ ,
  {
2022-02-16 09:38:14,089 INFO     ___FILE_ONLY___ 
    "current_version_string": null,
2022-02-16 09:38:14,089 INFO     ___FILE_ONLY___ 
    "id": "nomos",
2022-02-16 09:38:14,089 INFO     ___FILE_ONLY___ 
    "is_configuration": false,
2022-02-16 09:38:14,089 INFO     ___FILE_ONLY___ 
    "is_hidden": false,
2022-02-16 09:38:14,090 INFO     ___FILE_ONLY___ 
    "latest_version_string": "1.10.1-rc.3",
2022-02-16 09:38:14,090 INFO     ___FILE_ONLY___ 
    "name": "Nomos CLI",
2022-02-16 09:38:14,090 INFO     ___FILE_ONLY___ 
    "platform": {
2022-02-16 09:38:14,090 INFO     ___FILE_ONLY___ 
      "architecture": {
2022-02-16 09:38:14,090 INFO     ___FILE_ONLY___ 
        "file_name": "x86_64",
2022-02-16 09:38:14,090 INFO     ___FILE_ONLY___ 
        "id": "x86_64",
2022-02-16 09:38:14,090 INFO     ___FILE_ONLY___ 
        "name": "x86_64"
2022-02-16 09:38:14,090 INFO     ___FILE_ONLY___ 
      },
2022-02-16 09:38:14,090 INFO     ___FILE_ONLY___ 
      "operating_system": {
2022-02-16 09:38:14,090 INFO     ___FILE_ONLY___ 
        "file_name": "darwin",
2022-02-16 09:38:14,090 INFO     ___FILE_ONLY___ 
        "id": "MACOSX",
2022-02-16 09:38:14,091 INFO     ___FILE_ONLY___ 
        "name": "Mac OS X"
2022-02-16 09:38:14,091 INFO     ___FILE_ONLY___ 
      }
2022-02-16 09:38:14,091 INFO     ___FILE_ONLY___ 
    },
2022-02-16 09:38:14,091 INFO     ___FILE_ONLY___ 
    "platform_required": false,
2022-02-16 09:38:14,091 INFO     ___FILE_ONLY___ 
    "size": 24703628,
2022-02-16 09:38:14,091 INFO     ___FILE_ONLY___ 
    "state": {
2022-02-16 09:38:14,091 INFO     ___FILE_ONLY___ 
      "name": "Not Installed"
2022-02-16 09:38:14,091 INFO     ___FILE_ONLY___ 
    }
2022-02-16 09:38:14,091 INFO     ___FILE_ONLY___ 
  }
2022-02-16 09:38:14,092 INFO     ___FILE_ONLY___ ,
  {
2022-02-16 09:38:14,092 INFO     ___FILE_ONLY___ 
    "current_version_string": null,
2022-02-16 09:38:14,092 INFO     ___FILE_ONLY___ 
    "id": "local-extract",
2022-02-16 09:38:14,092 INFO     ___FILE_ONLY___ 
    "is_configuration": false,
2022-02-16 09:38:14,092 INFO     ___FILE_ONLY___ 
    "is_hidden": false,
2022-02-16 09:38:14,092 INFO     ___FILE_ONLY___ 
    "latest_version_string": "1.4.0",
2022-02-16 09:38:14,092 INFO     ___FILE_ONLY___ 
    "name": "On-Demand Scanning API extraction helper",
2022-02-16 09:38:14,092 INFO     ___FILE_ONLY___ 
    "platform": {
2022-02-16 09:38:14,092 INFO     ___FILE_ONLY___ 
      "architecture": {
2022-02-16 09:38:14,092 INFO     ___FILE_ONLY___ 
        "file_name": "x86_64",
2022-02-16 09:38:14,092 INFO     ___FILE_ONLY___ 
        "id": "x86_64",
2022-02-16 09:38:14,092 INFO     ___FILE_ONLY___ 
        "name": "x86_64"
2022-02-16 09:38:14,093 INFO     ___FILE_ONLY___ 
      },
2022-02-16 09:38:14,093 INFO     ___FILE_ONLY___ 
      "operating_system": {
2022-02-16 09:38:14,093 INFO     ___FILE_ONLY___ 
        "file_name": "darwin",
2022-02-16 09:38:14,093 INFO     ___FILE_ONLY___ 
        "id": "MACOSX",
2022-02-16 09:38:14,093 INFO     ___FILE_ONLY___ 
        "name": "Mac OS X"
2022-02-16 09:38:14,093 INFO     ___FILE_ONLY___ 
      }
2022-02-16 09:38:14,093 INFO     ___FILE_ONLY___ 
    },
2022-02-16 09:38:14,093 INFO     ___FILE_ONLY___ 
    "platform_required": false,
2022-02-16 09:38:14,093 INFO     ___FILE_ONLY___ 
    "size": 13938806,
2022-02-16 09:38:14,093 INFO     ___FILE_ONLY___ 
    "state": {
2022-02-16 09:38:14,093 INFO     ___FILE_ONLY___ 
      "name": "Not Installed"
2022-02-16 09:38:14,093 INFO     ___FILE_ONLY___ 
    }
2022-02-16 09:38:14,093 INFO     ___FILE_ONLY___ 
  }
2022-02-16 09:38:14,094 INFO     ___FILE_ONLY___ ,
  {
2022-02-16 09:38:14,094 INFO     ___FILE_ONLY___ 
    "current_version_string": null,
2022-02-16 09:38:14,094 INFO     ___FILE_ONLY___ 
    "id": "skaffold",
2022-02-16 09:38:14,094 INFO     ___FILE_ONLY___ 
    "is_configuration": false,
2022-02-16 09:38:14,094 INFO     ___FILE_ONLY___ 
    "is_hidden": false,
2022-02-16 09:38:14,094 INFO     ___FILE_ONLY___ 
    "latest_version_string": "1.35.1",
2022-02-16 09:38:14,094 INFO     ___FILE_ONLY___ 
    "name": "Skaffold",
2022-02-16 09:38:14,094 INFO     ___FILE_ONLY___ 
    "platform": {
2022-02-16 09:38:14,094 INFO     ___FILE_ONLY___ 
      "architecture": {
2022-02-16 09:38:14,095 INFO     ___FILE_ONLY___ 
        "file_name": "x86_64",
2022-02-16 09:38:14,095 INFO     ___FILE_ONLY___ 
        "id": "x86_64",
2022-02-16 09:38:14,095 INFO     ___FILE_ONLY___ 
        "name": "x86_64"
2022-02-16 09:38:14,095 INFO     ___FILE_ONLY___ 
      },
2022-02-16 09:38:14,095 INFO     ___FILE_ONLY___ 
      "operating_system": {
2022-02-16 09:38:14,095 INFO     ___FILE_ONLY___ 
        "file_name": "darwin",
2022-02-16 09:38:14,095 INFO     ___FILE_ONLY___ 
        "id": "MACOSX",
2022-02-16 09:38:14,095 INFO     ___FILE_ONLY___ 
        "name": "Mac OS X"
2022-02-16 09:38:14,095 INFO     ___FILE_ONLY___ 
      }
2022-02-16 09:38:14,095 INFO     ___FILE_ONLY___ 
    },
2022-02-16 09:38:14,095 INFO     ___FILE_ONLY___ 
    "platform_required": false,
2022-02-16 09:38:14,096 INFO     ___FILE_ONLY___ 
    "size": 20178303,
2022-02-16 09:38:14,096 INFO     ___FILE_ONLY___ 
    "state": {
2022-02-16 09:38:14,096 INFO     ___FILE_ONLY___ 
      "name": "Not Installed"
2022-02-16 09:38:14,096 INFO     ___FILE_ONLY___ 
    }
2022-02-16 09:38:14,096 INFO     ___FILE_ONLY___ 
  }
2022-02-16 09:38:14,096 INFO     ___FILE_ONLY___ ,
  {
2022-02-16 09:38:14,096 INFO     ___FILE_ONLY___ 
    "current_version_string": null,
2022-02-16 09:38:14,096 INFO     ___FILE_ONLY___ 
    "id": "anthos-auth",
2022-02-16 09:38:14,097 INFO     ___FILE_ONLY___ 
    "is_configuration": false,
2022-02-16 09:38:14,097 INFO     ___FILE_ONLY___ 
    "is_hidden": false,
2022-02-16 09:38:14,097 INFO     ___FILE_ONLY___ 
    "latest_version_string": "1.3.0",
2022-02-16 09:38:14,097 INFO     ___FILE_ONLY___ 
    "name": "anthos-auth",
2022-02-16 09:38:14,097 INFO     ___FILE_ONLY___ 
    "platform": {
2022-02-16 09:38:14,097 INFO     ___FILE_ONLY___ 
      "architecture": {
2022-02-16 09:38:14,097 INFO     ___FILE_ONLY___ 
        "file_name": "x86_64",
2022-02-16 09:38:14,097 INFO     ___FILE_ONLY___ 
        "id": "x86_64",
2022-02-16 09:38:14,097 INFO     ___FILE_ONLY___ 
        "name": "x86_64"
2022-02-16 09:38:14,097 INFO     ___FILE_ONLY___ 
      },
2022-02-16 09:38:14,097 INFO     ___FILE_ONLY___ 
      "operating_system": {
2022-02-16 09:38:14,097 INFO     ___FILE_ONLY___ 
        "file_name": "darwin",
2022-02-16 09:38:14,097 INFO     ___FILE_ONLY___ 
        "id": "MACOSX",
2022-02-16 09:38:14,097 INFO     ___FILE_ONLY___ 
        "name": "Mac OS X"
2022-02-16 09:38:14,097 INFO     ___FILE_ONLY___ 
      }
2022-02-16 09:38:14,098 INFO     ___FILE_ONLY___ 
    },
2022-02-16 09:38:14,098 INFO     ___FILE_ONLY___ 
    "platform_required": false,
2022-02-16 09:38:14,098 INFO     ___FILE_ONLY___ 
    "size": 18886837,
2022-02-16 09:38:14,098 INFO     ___FILE_ONLY___ 
    "state": {
2022-02-16 09:38:14,098 INFO     ___FILE_ONLY___ 
      "name": "Not Installed"
2022-02-16 09:38:14,098 INFO     ___FILE_ONLY___ 
    }
2022-02-16 09:38:14,098 INFO     ___FILE_ONLY___ 
  }
2022-02-16 09:38:14,098 INFO     ___FILE_ONLY___ ,
  {
2022-02-16 09:38:14,098 INFO     ___FILE_ONLY___ 
    "current_version_string": null,
2022-02-16 09:38:14,099 INFO     ___FILE_ONLY___ 
    "id": "config-connector",
2022-02-16 09:38:14,099 INFO     ___FILE_ONLY___ 
    "is_configuration": false,
2022-02-16 09:38:14,099 INFO     ___FILE_ONLY___ 
    "is_hidden": false,
2022-02-16 09:38:14,099 INFO     ___FILE_ONLY___ 
    "latest_version_string": "1.73.0",
2022-02-16 09:38:14,099 INFO     ___FILE_ONLY___ 
    "name": "config-connector",
2022-02-16 09:38:14,099 INFO     ___FILE_ONLY___ 
    "platform": {
2022-02-16 09:38:14,099 INFO     ___FILE_ONLY___ 
      "architecture": {
2022-02-16 09:38:14,099 INFO     ___FILE_ONLY___ 
        "file_name": "x86_64",
2022-02-16 09:38:14,099 INFO     ___FILE_ONLY___ 
        "id": "x86_64",
2022-02-16 09:38:14,099 INFO     ___FILE_ONLY___ 
        "name": "x86_64"
2022-02-16 09:38:14,099 INFO     ___FILE_ONLY___ 
      },
2022-02-16 09:38:14,099 INFO     ___FILE_ONLY___ 
      "operating_system": {
2022-02-16 09:38:14,099 INFO     ___FILE_ONLY___ 
        "file_name": "darwin",
2022-02-16 09:38:14,099 INFO     ___FILE_ONLY___ 
        "id": "MACOSX",
2022-02-16 09:38:14,099 INFO     ___FILE_ONLY___ 
        "name": "Mac OS X"
2022-02-16 09:38:14,100 INFO     ___FILE_ONLY___ 
      }
2022-02-16 09:38:14,100 INFO     ___FILE_ONLY___ 
    },
2022-02-16 09:38:14,100 INFO     ___FILE_ONLY___ 
    "platform_required": false,
2022-02-16 09:38:14,100 INFO     ___FILE_ONLY___ 
    "size": 52260666,
2022-02-16 09:38:14,100 INFO     ___FILE_ONLY___ 
    "state": {
2022-02-16 09:38:14,100 INFO     ___FILE_ONLY___ 
      "name": "Not Installed"
2022-02-16 09:38:14,100 INFO     ___FILE_ONLY___ 
    }
2022-02-16 09:38:14,100 INFO     ___FILE_ONLY___ 
  }
2022-02-16 09:38:14,101 INFO     ___FILE_ONLY___ ,
  {
2022-02-16 09:38:14,101 INFO     ___FILE_ONLY___ 
    "current_version_string": null,
2022-02-16 09:38:14,101 INFO     ___FILE_ONLY___ 
    "id": "alpha",
2022-02-16 09:38:14,101 INFO     ___FILE_ONLY___ 
    "is_configuration": false,
2022-02-16 09:38:14,101 INFO     ___FILE_ONLY___ 
    "is_hidden": false,
2022-02-16 09:38:14,101 INFO     ___FILE_ONLY___ 
    "latest_version_string": "2022.02.11",
2022-02-16 09:38:14,101 INFO     ___FILE_ONLY___ 
    "name": "gcloud Alpha Commands",
2022-02-16 09:38:14,101 INFO     ___FILE_ONLY___ 
    "platform": {
2022-02-16 09:38:14,101 INFO     ___FILE_ONLY___ 
      "architecture": {
2022-02-16 09:38:14,101 INFO     ___FILE_ONLY___ 
        "file_name": "x86_64",
2022-02-16 09:38:14,101 INFO     ___FILE_ONLY___ 
        "id": "x86_64",
2022-02-16 09:38:14,101 INFO     ___FILE_ONLY___ 
        "name": "x86_64"
2022-02-16 09:38:14,102 INFO     ___FILE_ONLY___ 
      },
2022-02-16 09:38:14,102 INFO     ___FILE_ONLY___ 
      "operating_system": {
2022-02-16 09:38:14,102 INFO     ___FILE_ONLY___ 
        "file_name": "darwin",
2022-02-16 09:38:14,102 INFO     ___FILE_ONLY___ 
        "id": "MACOSX",
2022-02-16 09:38:14,102 INFO     ___FILE_ONLY___ 
        "name": "Mac OS X"
2022-02-16 09:38:14,103 INFO     ___FILE_ONLY___ 
      }
2022-02-16 09:38:14,103 INFO     ___FILE_ONLY___ 
    },
2022-02-16 09:38:14,103 INFO     ___FILE_ONLY___ 
    "platform_required": false,
2022-02-16 09:38:14,103 INFO     ___FILE_ONLY___ 
    "size": 750,
2022-02-16 09:38:14,103 INFO     ___FILE_ONLY___ 
    "state": {
2022-02-16 09:38:14,103 INFO     ___FILE_ONLY___ 
      "name": "Not Installed"
2022-02-16 09:38:14,103 INFO     ___FILE_ONLY___ 
    }
2022-02-16 09:38:14,104 INFO     ___FILE_ONLY___ 
  }
2022-02-16 09:38:14,104 INFO     ___FILE_ONLY___ ,
  {
2022-02-16 09:38:14,104 INFO     ___FILE_ONLY___ 
    "current_version_string": null,
2022-02-16 09:38:14,104 INFO     ___FILE_ONLY___ 
    "id": "beta",
2022-02-16 09:38:14,104 INFO     ___FILE_ONLY___ 
    "is_configuration": false,
2022-02-16 09:38:14,104 INFO     ___FILE_ONLY___ 
    "is_hidden": false,
2022-02-16 09:38:14,104 INFO     ___FILE_ONLY___ 
    "latest_version_string": "2022.02.11",
2022-02-16 09:38:14,105 INFO     ___FILE_ONLY___ 
    "name": "gcloud Beta Commands",
2022-02-16 09:38:14,105 INFO     ___FILE_ONLY___ 
    "platform": {
2022-02-16 09:38:14,105 INFO     ___FILE_ONLY___ 
      "architecture": {
2022-02-16 09:38:14,105 INFO     ___FILE_ONLY___ 
        "file_name": "x86_64",
2022-02-16 09:38:14,105 INFO     ___FILE_ONLY___ 
        "id": "x86_64",
2022-02-16 09:38:14,105 INFO     ___FILE_ONLY___ 
        "name": "x86_64"
2022-02-16 09:38:14,105 INFO     ___FILE_ONLY___ 
      },
2022-02-16 09:38:14,105 INFO     ___FILE_ONLY___ 
      "operating_system": {
2022-02-16 09:38:14,105 INFO     ___FILE_ONLY___ 
        "file_name": "darwin",
2022-02-16 09:38:14,105 INFO     ___FILE_ONLY___ 
        "id": "MACOSX",
2022-02-16 09:38:14,105 INFO     ___FILE_ONLY___ 
        "name": "Mac OS X"
2022-02-16 09:38:14,105 INFO     ___FILE_ONLY___ 
      }
2022-02-16 09:38:14,105 INFO     ___FILE_ONLY___ 
    },
2022-02-16 09:38:14,105 INFO     ___FILE_ONLY___ 
    "platform_required": false,
2022-02-16 09:38:14,105 INFO     ___FILE_ONLY___ 
    "size": 746,
2022-02-16 09:38:14,106 INFO     ___FILE_ONLY___ 
    "state": {
2022-02-16 09:38:14,106 INFO     ___FILE_ONLY___ 
      "name": "Not Installed"
2022-02-16 09:38:14,106 INFO     ___FILE_ONLY___ 
    }
2022-02-16 09:38:14,106 INFO     ___FILE_ONLY___ 
  }
2022-02-16 09:38:14,106 INFO     ___FILE_ONLY___ ,
  {
2022-02-16 09:38:14,106 INFO     ___FILE_ONLY___ 
    "current_version_string": null,
2022-02-16 09:38:14,106 INFO     ___FILE_ONLY___ 
    "id": "app-engine-java",
2022-02-16 09:38:14,106 INFO     ___FILE_ONLY___ 
    "is_configuration": false,
2022-02-16 09:38:14,106 INFO     ___FILE_ONLY___ 
    "is_hidden": false,
2022-02-16 09:38:14,107 INFO     ___FILE_ONLY___ 
    "latest_version_string": "1.9.94",
2022-02-16 09:38:14,107 INFO     ___FILE_ONLY___ 
    "name": "gcloud app Java Extensions",
2022-02-16 09:38:14,107 INFO     ___FILE_ONLY___ 
    "platform": {
2022-02-16 09:38:14,107 INFO     ___FILE_ONLY___ 
      "architecture": {
2022-02-16 09:38:14,107 INFO     ___FILE_ONLY___ 
        "file_name": "x86_64",
2022-02-16 09:38:14,107 INFO     ___FILE_ONLY___ 
        "id": "x86_64",
2022-02-16 09:38:14,107 INFO     ___FILE_ONLY___ 
        "name": "x86_64"
2022-02-16 09:38:14,107 INFO     ___FILE_ONLY___ 
      },
2022-02-16 09:38:14,107 INFO     ___FILE_ONLY___ 
      "operating_system": {
2022-02-16 09:38:14,107 INFO     ___FILE_ONLY___ 
        "file_name": "darwin",
2022-02-16 09:38:14,107 INFO     ___FILE_ONLY___ 
        "id": "MACOSX",
2022-02-16 09:38:14,107 INFO     ___FILE_ONLY___ 
        "name": "Mac OS X"
2022-02-16 09:38:14,107 INFO     ___FILE_ONLY___ 
      }
2022-02-16 09:38:14,107 INFO     ___FILE_ONLY___ 
    },
2022-02-16 09:38:14,107 INFO     ___FILE_ONLY___ 
    "platform_required": false,
2022-02-16 09:38:14,108 INFO     ___FILE_ONLY___ 
    "size": 54153282,
2022-02-16 09:38:14,108 INFO     ___FILE_ONLY___ 
    "state": {
2022-02-16 09:38:14,108 INFO     ___FILE_ONLY___ 
      "name": "Not Installed"
2022-02-16 09:38:14,108 INFO     ___FILE_ONLY___ 
    }
2022-02-16 09:38:14,108 INFO     ___FILE_ONLY___ 
  }
2022-02-16 09:38:14,108 INFO     ___FILE_ONLY___ ,
  {
2022-02-16 09:38:14,108 INFO     ___FILE_ONLY___ 
    "current_version_string": null,
2022-02-16 09:38:14,108 INFO     ___FILE_ONLY___ 
    "id": "app-engine-php",
2022-02-16 09:38:14,108 INFO     ___FILE_ONLY___ 
    "is_configuration": false,
2022-02-16 09:38:14,109 INFO     ___FILE_ONLY___ 
    "is_hidden": false,
2022-02-16 09:38:14,109 INFO     ___FILE_ONLY___ 
    "latest_version_string": "",
2022-02-16 09:38:14,109 INFO     ___FILE_ONLY___ 
    "name": "gcloud app PHP Extensions",
2022-02-16 09:38:14,109 INFO     ___FILE_ONLY___ 
    "platform": {
2022-02-16 09:38:14,109 INFO     ___FILE_ONLY___ 
      "architecture": {
2022-02-16 09:38:14,109 INFO     ___FILE_ONLY___ 
        "file_name": "x86_64",
2022-02-16 09:38:14,109 INFO     ___FILE_ONLY___ 
        "id": "x86_64",
2022-02-16 09:38:14,109 INFO     ___FILE_ONLY___ 
        "name": "x86_64"
2022-02-16 09:38:14,109 INFO     ___FILE_ONLY___ 
      },
2022-02-16 09:38:14,109 INFO     ___FILE_ONLY___ 
      "operating_system": {
2022-02-16 09:38:14,109 INFO     ___FILE_ONLY___ 
        "file_name": "darwin",
2022-02-16 09:38:14,109 INFO     ___FILE_ONLY___ 
        "id": "MACOSX",
2022-02-16 09:38:14,109 INFO     ___FILE_ONLY___ 
        "name": "Mac OS X"
2022-02-16 09:38:14,109 INFO     ___FILE_ONLY___ 
      }
2022-02-16 09:38:14,109 INFO     ___FILE_ONLY___ 
    },
2022-02-16 09:38:14,109 INFO     ___FILE_ONLY___ 
    "platform_required": false,
2022-02-16 09:38:14,110 INFO     ___FILE_ONLY___ 
    "size": 22985548,
2022-02-16 09:38:14,110 INFO     ___FILE_ONLY___ 
    "state": {
2022-02-16 09:38:14,110 INFO     ___FILE_ONLY___ 
      "name": "Not Installed"
2022-02-16 09:38:14,110 INFO     ___FILE_ONLY___ 
    }
2022-02-16 09:38:14,110 INFO     ___FILE_ONLY___ 
  }
2022-02-16 09:38:14,110 INFO     ___FILE_ONLY___ ,
  {
2022-02-16 09:38:14,110 INFO     ___FILE_ONLY___ 
    "current_version_string": null,
2022-02-16 09:38:14,110 INFO     ___FILE_ONLY___ 
    "id": "app-engine-python",
2022-02-16 09:38:14,110 INFO     ___FILE_ONLY___ 
    "is_configuration": false,
2022-02-16 09:38:14,111 INFO     ___FILE_ONLY___ 
    "is_hidden": false,
2022-02-16 09:38:14,111 INFO     ___FILE_ONLY___ 
    "latest_version_string": "1.9.99",
2022-02-16 09:38:14,111 INFO     ___FILE_ONLY___ 
    "name": "gcloud app Python Extensions",
2022-02-16 09:38:14,111 INFO     ___FILE_ONLY___ 
    "platform": {
2022-02-16 09:38:14,111 INFO     ___FILE_ONLY___ 
      "architecture": {
2022-02-16 09:38:14,111 INFO     ___FILE_ONLY___ 
        "file_name": "x86_64",
2022-02-16 09:38:14,111 INFO     ___FILE_ONLY___ 
        "id": "x86_64",
2022-02-16 09:38:14,111 INFO     ___FILE_ONLY___ 
        "name": "x86_64"
2022-02-16 09:38:14,111 INFO     ___FILE_ONLY___ 
      },
2022-02-16 09:38:14,111 INFO     ___FILE_ONLY___ 
      "operating_system": {
2022-02-16 09:38:14,111 INFO     ___FILE_ONLY___ 
        "file_name": "darwin",
2022-02-16 09:38:14,111 INFO     ___FILE_ONLY___ 
        "id": "MACOSX",
2022-02-16 09:38:14,111 INFO     ___FILE_ONLY___ 
        "name": "Mac OS X"
2022-02-16 09:38:14,111 INFO     ___FILE_ONLY___ 
      }
2022-02-16 09:38:14,112 INFO     ___FILE_ONLY___ 
    },
2022-02-16 09:38:14,112 INFO     ___FILE_ONLY___ 
    "platform_required": false,
2022-02-16 09:38:14,112 INFO     ___FILE_ONLY___ 
    "size": 8153829,
2022-02-16 09:38:14,112 INFO     ___FILE_ONLY___ 
    "state": {
2022-02-16 09:38:14,112 INFO     ___FILE_ONLY___ 
      "name": "Not Installed"
2022-02-16 09:38:14,112 INFO     ___FILE_ONLY___ 
    }
2022-02-16 09:38:14,112 INFO     ___FILE_ONLY___ 
  }
2022-02-16 09:38:14,112 INFO     ___FILE_ONLY___ ,
  {
2022-02-16 09:38:14,113 INFO     ___FILE_ONLY___ 
    "current_version_string": null,
2022-02-16 09:38:14,113 INFO     ___FILE_ONLY___ 
    "id": "app-engine-python-extras",
2022-02-16 09:38:14,113 INFO     ___FILE_ONLY___ 
    "is_configuration": false,
2022-02-16 09:38:14,113 INFO     ___FILE_ONLY___ 
    "is_hidden": false,
2022-02-16 09:38:14,113 INFO     ___FILE_ONLY___ 
    "latest_version_string": "1.9.96",
2022-02-16 09:38:14,113 INFO     ___FILE_ONLY___ 
    "name": "gcloud app Python Extensions (Extra Libraries)",
2022-02-16 09:38:14,113 INFO     ___FILE_ONLY___ 
    "platform": {
2022-02-16 09:38:14,113 INFO     ___FILE_ONLY___ 
      "architecture": {
2022-02-16 09:38:14,113 INFO     ___FILE_ONLY___ 
        "file_name": "x86_64",
2022-02-16 09:38:14,113 INFO     ___FILE_ONLY___ 
        "id": "x86_64",
2022-02-16 09:38:14,113 INFO     ___FILE_ONLY___ 
        "name": "x86_64"
2022-02-16 09:38:14,113 INFO     ___FILE_ONLY___ 
      },
2022-02-16 09:38:14,113 INFO     ___FILE_ONLY___ 
      "operating_system": {
2022-02-16 09:38:14,113 INFO     ___FILE_ONLY___ 
        "file_name": "darwin",
2022-02-16 09:38:14,113 INFO     ___FILE_ONLY___ 
        "id": "MACOSX",
2022-02-16 09:38:14,114 INFO     ___FILE_ONLY___ 
        "name": "Mac OS X"
2022-02-16 09:38:14,114 INFO     ___FILE_ONLY___ 
      }
2022-02-16 09:38:14,114 INFO     ___FILE_ONLY___ 
    },
2022-02-16 09:38:14,114 INFO     ___FILE_ONLY___ 
    "platform_required": false,
2022-02-16 09:38:14,114 INFO     ___FILE_ONLY___ 
    "size": 27709995,
2022-02-16 09:38:14,114 INFO     ___FILE_ONLY___ 
    "state": {
2022-02-16 09:38:14,114 INFO     ___FILE_ONLY___ 
      "name": "Not Installed"
2022-02-16 09:38:14,114 INFO     ___FILE_ONLY___ 
    }
2022-02-16 09:38:14,114 INFO     ___FILE_ONLY___ 
  }
2022-02-16 09:38:14,115 INFO     ___FILE_ONLY___ ,
  {
2022-02-16 09:38:14,115 INFO     ___FILE_ONLY___ 
    "current_version_string": null,
2022-02-16 09:38:14,115 INFO     ___FILE_ONLY___ 
    "id": "kpt",
2022-02-16 09:38:14,115 INFO     ___FILE_ONLY___ 
    "is_configuration": false,
2022-02-16 09:38:14,115 INFO     ___FILE_ONLY___ 
    "is_hidden": false,
2022-02-16 09:38:14,115 INFO     ___FILE_ONLY___ 
    "latest_version_string": "1.0.0-beta.13",
2022-02-16 09:38:14,115 INFO     ___FILE_ONLY___ 
    "name": "kpt",
2022-02-16 09:38:14,115 INFO     ___FILE_ONLY___ 
    "platform": {
2022-02-16 09:38:14,115 INFO     ___FILE_ONLY___ 
      "architecture": {
2022-02-16 09:38:14,115 INFO     ___FILE_ONLY___ 
        "file_name": "x86_64",
2022-02-16 09:38:14,115 INFO     ___FILE_ONLY___ 
        "id": "x86_64",
2022-02-16 09:38:14,115 INFO     ___FILE_ONLY___ 
        "name": "x86_64"
2022-02-16 09:38:14,115 INFO     ___FILE_ONLY___ 
      },
2022-02-16 09:38:14,115 INFO     ___FILE_ONLY___ 
      "operating_system": {
2022-02-16 09:38:14,116 INFO     ___FILE_ONLY___ 
        "file_name": "darwin",
2022-02-16 09:38:14,116 INFO     ___FILE_ONLY___ 
        "id": "MACOSX",
2022-02-16 09:38:14,116 INFO     ___FILE_ONLY___ 
        "name": "Mac OS X"
2022-02-16 09:38:14,116 INFO     ___FILE_ONLY___ 
      }
2022-02-16 09:38:14,116 INFO     ___FILE_ONLY___ 
    },
2022-02-16 09:38:14,116 INFO     ___FILE_ONLY___ 
    "platform_required": false,
2022-02-16 09:38:14,116 INFO     ___FILE_ONLY___ 
    "size": 12728854,
2022-02-16 09:38:14,116 INFO     ___FILE_ONLY___ 
    "state": {
2022-02-16 09:38:14,116 INFO     ___FILE_ONLY___ 
      "name": "Not Installed"
2022-02-16 09:38:14,116 INFO     ___FILE_ONLY___ 
    }
2022-02-16 09:38:14,116 INFO     ___FILE_ONLY___ 
  }
2022-02-16 09:38:14,117 INFO     ___FILE_ONLY___ ,
  {
2022-02-16 09:38:14,117 INFO     ___FILE_ONLY___ 
    "current_version_string": null,
2022-02-16 09:38:14,117 INFO     ___FILE_ONLY___ 
    "id": "kubectl",
2022-02-16 09:38:14,117 INFO     ___FILE_ONLY___ 
    "is_configuration": false,
2022-02-16 09:38:14,117 INFO     ___FILE_ONLY___ 
    "is_hidden": false,
2022-02-16 09:38:14,117 INFO     ___FILE_ONLY___ 
    "latest_version_string": "1.21.9",
2022-02-16 09:38:14,117 INFO     ___FILE_ONLY___ 
    "name": "kubectl",
2022-02-16 09:38:14,117 INFO     ___FILE_ONLY___ 
    "platform": {
2022-02-16 09:38:14,117 INFO     ___FILE_ONLY___ 
      "architecture": {
2022-02-16 09:38:14,117 INFO     ___FILE_ONLY___ 
        "file_name": "x86_64",
2022-02-16 09:38:14,117 INFO     ___FILE_ONLY___ 
        "id": "x86_64",
2022-02-16 09:38:14,117 INFO     ___FILE_ONLY___ 
        "name": "x86_64"
2022-02-16 09:38:14,118 INFO     ___FILE_ONLY___ 
      },
2022-02-16 09:38:14,118 INFO     ___FILE_ONLY___ 
      "operating_system": {
2022-02-16 09:38:14,118 INFO     ___FILE_ONLY___ 
        "file_name": "darwin",
2022-02-16 09:38:14,118 INFO     ___FILE_ONLY___ 
        "id": "MACOSX",
2022-02-16 09:38:14,118 INFO     ___FILE_ONLY___ 
        "name": "Mac OS X"
2022-02-16 09:38:14,118 INFO     ___FILE_ONLY___ 
      }
2022-02-16 09:38:14,118 INFO     ___FILE_ONLY___ 
    },
2022-02-16 09:38:14,118 INFO     ___FILE_ONLY___ 
    "platform_required": true,
2022-02-16 09:38:14,118 INFO     ___FILE_ONLY___ 
    "size": 48444,
2022-02-16 09:38:14,118 INFO     ___FILE_ONLY___ 
    "state": {
2022-02-16 09:38:14,118 INFO     ___FILE_ONLY___ 
      "name": "Not Installed"
2022-02-16 09:38:14,118 INFO     ___FILE_ONLY___ 
    }
2022-02-16 09:38:14,119 INFO     ___FILE_ONLY___ 
  }
2022-02-16 09:38:14,119 INFO     ___FILE_ONLY___ ,
  {
2022-02-16 09:38:14,119 INFO     ___FILE_ONLY___ 
    "current_version_string": null,
2022-02-16 09:38:14,119 INFO     ___FILE_ONLY___ 
    "id": "kubectl-oidc",
2022-02-16 09:38:14,120 INFO     ___FILE_ONLY___ 
    "is_configuration": false,
2022-02-16 09:38:14,120 INFO     ___FILE_ONLY___ 
    "is_hidden": false,
2022-02-16 09:38:14,120 INFO     ___FILE_ONLY___ 
    "latest_version_string": "1.3.0",
2022-02-16 09:38:14,120 INFO     ___FILE_ONLY___ 
    "name": "kubectl-oidc",
2022-02-16 09:38:14,120 INFO     ___FILE_ONLY___ 
    "platform": {
2022-02-16 09:38:14,120 INFO     ___FILE_ONLY___ 
      "architecture": {
2022-02-16 09:38:14,120 INFO     ___FILE_ONLY___ 
        "file_name": "x86_64",
2022-02-16 09:38:14,120 INFO     ___FILE_ONLY___ 
        "id": "x86_64",
2022-02-16 09:38:14,120 INFO     ___FILE_ONLY___ 
        "name": "x86_64"
2022-02-16 09:38:14,120 INFO     ___FILE_ONLY___ 
      },
2022-02-16 09:38:14,120 INFO     ___FILE_ONLY___ 
      "operating_system": {
2022-02-16 09:38:14,121 INFO     ___FILE_ONLY___ 
        "file_name": "darwin",
2022-02-16 09:38:14,121 INFO     ___FILE_ONLY___ 
        "id": "MACOSX",
2022-02-16 09:38:14,121 INFO     ___FILE_ONLY___ 
        "name": "Mac OS X"
2022-02-16 09:38:14,121 INFO     ___FILE_ONLY___ 
      }
2022-02-16 09:38:14,121 INFO     ___FILE_ONLY___ 
    },
2022-02-16 09:38:14,121 INFO     ___FILE_ONLY___ 
    "platform_required": false,
2022-02-16 09:38:14,121 INFO     ___FILE_ONLY___ 
    "size": 18886835,
2022-02-16 09:38:14,121 INFO     ___FILE_ONLY___ 
    "state": {
2022-02-16 09:38:14,121 INFO     ___FILE_ONLY___ 
      "name": "Not Installed"
2022-02-16 09:38:14,121 INFO     ___FILE_ONLY___ 
    }
2022-02-16 09:38:14,121 INFO     ___FILE_ONLY___ 
  }
2022-02-16 09:38:14,122 INFO     ___FILE_ONLY___ ,
  {
2022-02-16 09:38:14,122 INFO     ___FILE_ONLY___ 
    "current_version_string": null,
2022-02-16 09:38:14,122 INFO     ___FILE_ONLY___ 
    "id": "pkg",
2022-02-16 09:38:14,122 INFO     ___FILE_ONLY___ 
    "is_configuration": false,
2022-02-16 09:38:14,122 INFO     ___FILE_ONLY___ 
    "is_hidden": false,
2022-02-16 09:38:14,123 INFO     ___FILE_ONLY___ 
    "latest_version_string": "",
2022-02-16 09:38:14,123 INFO     ___FILE_ONLY___ 
    "name": "pkg",
2022-02-16 09:38:14,123 INFO     ___FILE_ONLY___ 
    "platform": {
2022-02-16 09:38:14,123 INFO     ___FILE_ONLY___ 
      "architecture": {
2022-02-16 09:38:14,123 INFO     ___FILE_ONLY___ 
        "file_name": "x86_64",
2022-02-16 09:38:14,123 INFO     ___FILE_ONLY___ 
        "id": "x86_64",
2022-02-16 09:38:14,123 INFO     ___FILE_ONLY___ 
        "name": "x86_64"
2022-02-16 09:38:14,123 INFO     ___FILE_ONLY___ 
      },
2022-02-16 09:38:14,123 INFO     ___FILE_ONLY___ 
      "operating_system": {
2022-02-16 09:38:14,123 INFO     ___FILE_ONLY___ 
        "file_name": "darwin",
2022-02-16 09:38:14,123 INFO     ___FILE_ONLY___ 
        "id": "MACOSX",
2022-02-16 09:38:14,124 INFO     ___FILE_ONLY___ 
        "name": "Mac OS X"
2022-02-16 09:38:14,124 INFO     ___FILE_ONLY___ 
      }
2022-02-16 09:38:14,124 INFO     ___FILE_ONLY___ 
    },
2022-02-16 09:38:14,124 INFO     ___FILE_ONLY___ 
    "platform_required": false,
2022-02-16 09:38:14,124 INFO     ___FILE_ONLY___ 
    "size": 0,
2022-02-16 09:38:14,124 INFO     ___FILE_ONLY___ 
    "state": {
2022-02-16 09:38:14,124 INFO     ___FILE_ONLY___ 
      "name": "Not Installed"
2022-02-16 09:38:14,124 INFO     ___FILE_ONLY___ 
    }
2022-02-16 09:38:14,124 INFO     ___FILE_ONLY___ 
  }
2022-02-16 09:38:14,126 INFO     ___FILE_ONLY___ ,
  {
2022-02-16 09:38:14,126 INFO     ___FILE_ONLY___ 
    "current_version_string": "2.0.73",
2022-02-16 09:38:14,126 INFO     ___FILE_ONLY___ 
    "id": "bq",
2022-02-16 09:38:14,126 INFO     ___FILE_ONLY___ 
    "is_configuration": false,
2022-02-16 09:38:14,127 INFO     ___FILE_ONLY___ 
    "is_hidden": false,
2022-02-16 09:38:14,127 INFO     ___FILE_ONLY___ 
    "latest_version_string": "2.0.73",
2022-02-16 09:38:14,127 INFO     ___FILE_ONLY___ 
    "name": "BigQuery Command Line Tool",
2022-02-16 09:38:14,127 INFO     ___FILE_ONLY___ 
    "platform": {
2022-02-16 09:38:14,127 INFO     ___FILE_ONLY___ 
      "architecture": {
2022-02-16 09:38:14,127 INFO     ___FILE_ONLY___ 
        "file_name": "x86_64",
2022-02-16 09:38:14,127 INFO     ___FILE_ONLY___ 
        "id": "x86_64",
2022-02-16 09:38:14,127 INFO     ___FILE_ONLY___ 
        "name": "x86_64"
2022-02-16 09:38:14,127 INFO     ___FILE_ONLY___ 
      },
2022-02-16 09:38:14,127 INFO     ___FILE_ONLY___ 
      "operating_system": {
2022-02-16 09:38:14,128 INFO     ___FILE_ONLY___ 
        "file_name": "darwin",
2022-02-16 09:38:14,128 INFO     ___FILE_ONLY___ 
        "id": "MACOSX",
2022-02-16 09:38:14,128 INFO     ___FILE_ONLY___ 
        "name": "Mac OS X"
2022-02-16 09:38:14,129 INFO     ___FILE_ONLY___ 
      }
2022-02-16 09:38:14,129 INFO     ___FILE_ONLY___ 
    },
2022-02-16 09:38:14,129 INFO     ___FILE_ONLY___ 
    "platform_required": false,
2022-02-16 09:38:14,129 INFO     ___FILE_ONLY___ 
    "size": 1085440,
2022-02-16 09:38:14,129 INFO     ___FILE_ONLY___ 
    "state": {
2022-02-16 09:38:14,129 INFO     ___FILE_ONLY___ 
      "name": "Installed"
2022-02-16 09:38:14,129 INFO     ___FILE_ONLY___ 
    }
2022-02-16 09:38:14,129 INFO     ___FILE_ONLY___ 
  }
2022-02-16 09:38:14,130 INFO     ___FILE_ONLY___ ,
  {
2022-02-16 09:38:14,130 INFO     ___FILE_ONLY___ 
    "current_version_string": "5.6",
2022-02-16 09:38:14,130 INFO     ___FILE_ONLY___ 
    "id": "gsutil",
2022-02-16 09:38:14,130 INFO     ___FILE_ONLY___ 
    "is_configuration": false,
2022-02-16 09:38:14,130 INFO     ___FILE_ONLY___ 
    "is_hidden": false,
2022-02-16 09:38:14,131 INFO     ___FILE_ONLY___ 
    "latest_version_string": "5.6",
2022-02-16 09:38:14,131 INFO     ___FILE_ONLY___ 
    "name": "Cloud Storage Command Line Tool",
2022-02-16 09:38:14,131 INFO     ___FILE_ONLY___ 
    "platform": {
2022-02-16 09:38:14,131 INFO     ___FILE_ONLY___ 
      "architecture": {
2022-02-16 09:38:14,131 INFO     ___FILE_ONLY___ 
        "file_name": "x86_64",
2022-02-16 09:38:14,131 INFO     ___FILE_ONLY___ 
        "id": "x86_64",
2022-02-16 09:38:14,131 INFO     ___FILE_ONLY___ 
        "name": "x86_64"
2022-02-16 09:38:14,131 INFO     ___FILE_ONLY___ 
      },
2022-02-16 09:38:14,131 INFO     ___FILE_ONLY___ 
      "operating_system": {
2022-02-16 09:38:14,132 INFO     ___FILE_ONLY___ 
        "file_name": "darwin",
2022-02-16 09:38:14,132 INFO     ___FILE_ONLY___ 
        "id": "MACOSX",
2022-02-16 09:38:14,132 INFO     ___FILE_ONLY___ 
        "name": "Mac OS X"
2022-02-16 09:38:14,132 INFO     ___FILE_ONLY___ 
      }
2022-02-16 09:38:14,132 INFO     ___FILE_ONLY___ 
    },
2022-02-16 09:38:14,132 INFO     ___FILE_ONLY___ 
    "platform_required": false,
2022-02-16 09:38:14,132 INFO     ___FILE_ONLY___ 
    "size": 8506401,
2022-02-16 09:38:14,132 INFO     ___FILE_ONLY___ 
    "state": {
2022-02-16 09:38:14,132 INFO     ___FILE_ONLY___ 
      "name": "Installed"
2022-02-16 09:38:14,132 INFO     ___FILE_ONLY___ 
    }
2022-02-16 09:38:14,132 INFO     ___FILE_ONLY___ 
  }
2022-02-16 09:38:14,133 INFO     ___FILE_ONLY___ ,
  {
2022-02-16 09:38:14,133 INFO     ___FILE_ONLY___ 
    "current_version_string": "2022.02.11",
2022-02-16 09:38:14,133 INFO     ___FILE_ONLY___ 
    "id": "core",
2022-02-16 09:38:14,133 INFO     ___FILE_ONLY___ 
    "is_configuration": false,
2022-02-16 09:38:14,133 INFO     ___FILE_ONLY___ 
    "is_hidden": false,
2022-02-16 09:38:14,134 INFO     ___FILE_ONLY___ 
    "latest_version_string": "2022.02.11",
2022-02-16 09:38:14,134 INFO     ___FILE_ONLY___ 
    "name": "Google Cloud CLI Core Libraries",
2022-02-16 09:38:14,134 INFO     ___FILE_ONLY___ 
    "platform": {
2022-02-16 09:38:14,134 INFO     ___FILE_ONLY___ 
      "architecture": {
2022-02-16 09:38:14,134 INFO     ___FILE_ONLY___ 
        "file_name": "x86_64",
2022-02-16 09:38:14,134 INFO     ___FILE_ONLY___ 
        "id": "x86_64",
2022-02-16 09:38:14,134 INFO     ___FILE_ONLY___ 
        "name": "x86_64"
2022-02-16 09:38:14,134 INFO     ___FILE_ONLY___ 
      },
2022-02-16 09:38:14,134 INFO     ___FILE_ONLY___ 
      "operating_system": {
2022-02-16 09:38:14,134 INFO     ___FILE_ONLY___ 
        "file_name": "darwin",
2022-02-16 09:38:14,134 INFO     ___FILE_ONLY___ 
        "id": "MACOSX",
2022-02-16 09:38:14,135 INFO     ___FILE_ONLY___ 
        "name": "Mac OS X"
2022-02-16 09:38:14,135 INFO     ___FILE_ONLY___ 
      }
2022-02-16 09:38:14,135 INFO     ___FILE_ONLY___ 
    },
2022-02-16 09:38:14,135 INFO     ___FILE_ONLY___ 
    "platform_required": false,
2022-02-16 09:38:14,135 INFO     ___FILE_ONLY___ 
    "size": 23226456,
2022-02-16 09:38:14,135 INFO     ___FILE_ONLY___ 
    "state": {
2022-02-16 09:38:14,135 INFO     ___FILE_ONLY___ 
      "name": "Installed"
2022-02-16 09:38:14,135 INFO     ___FILE_ONLY___ 
    }
2022-02-16 09:38:14,136 INFO     ___FILE_ONLY___ 
  }
2022-02-16 09:38:14,136 INFO     ___FILE_ONLY___ 
]

