2022-02-16 09:38:14,987 DEBUG    root            Loaded Command Group: ['gcloud', 'components']
2022-02-16 09:38:14,991 DEBUG    root            Loaded Command Group: ['gcloud', 'components', 'install']
2022-02-16 09:38:14,993 DEBUG    root            Running [gcloud.components.install] with arguments: [--quiet: "True", COMPONENT-IDS:5: "['beta', 'kubectl', 'skaffold', 'minikube', 'gsutil']"]
2022-02-16 09:38:15,012 DEBUG    urllib3.connectionpool Starting new HTTPS connection (1): dl.google.com:443
2022-02-16 09:38:15,113 DEBUG    urllib3.connectionpool https://dl.google.com:443 "GET /dl/cloudsdk/channels/rapid/components-v373.0.0.json HTTP/1.1" 200 180433
2022-02-16 09:38:15,218 INFO     ___FILE_ONLY___ 

2022-02-16 09:38:15,219 INFO     ___FILE_ONLY___ 
Your current Google Cloud CLI version is: 373.0.0

2022-02-16 09:38:15,220 INFO     ___FILE_ONLY___ Installing components from version: 373.0.0

2022-02-16 09:38:15,220 INFO     ___FILE_ONLY___ 

2022-02-16 09:38:15,227 INFO     ___FILE_ONLY___ ┌────────────────────────────────────────────────┐
2022-02-16 09:38:15,227 INFO     ___FILE_ONLY___ 

2022-02-16 09:38:15,227 INFO     ___FILE_ONLY___ │      These components will be installed.       │
2022-02-16 09:38:15,227 INFO     ___FILE_ONLY___ 

2022-02-16 09:38:15,227 INFO     ___FILE_ONLY___ ├────────────────────────┬────────────┬──────────┤
2022-02-16 09:38:15,227 INFO     ___FILE_ONLY___ 

2022-02-16 09:38:15,227 INFO     ___FILE_ONLY___ │          Name          │  Version   │   Size   │
2022-02-16 09:38:15,228 INFO     ___FILE_ONLY___ 

2022-02-16 09:38:15,228 INFO     ___FILE_ONLY___ ├────────────────────────┼────────────┼──────────┤
2022-02-16 09:38:15,228 INFO     ___FILE_ONLY___ 

2022-02-16 09:38:15,228 INFO     ___FILE_ONLY___ │ 
2022-02-16 09:38:15,228 INFO     ___FILE_ONLY___ Minikube              
2022-02-16 09:38:15,228 INFO     ___FILE_ONLY___  
2022-02-16 09:38:15,228 INFO     ___FILE_ONLY___ │ 
2022-02-16 09:38:15,228 INFO     ___FILE_ONLY___     1.24.0
2022-02-16 09:38:15,228 INFO     ___FILE_ONLY___  
2022-02-16 09:38:15,228 INFO     ___FILE_ONLY___ │ 
2022-02-16 09:38:15,228 INFO     ___FILE_ONLY___ 26.8 MiB
2022-02-16 09:38:15,228 INFO     ___FILE_ONLY___  
2022-02-16 09:38:15,228 INFO     ___FILE_ONLY___ │
2022-02-16 09:38:15,228 INFO     ___FILE_ONLY___ 

2022-02-16 09:38:15,229 INFO     ___FILE_ONLY___ │ 
2022-02-16 09:38:15,229 INFO     ___FILE_ONLY___ Skaffold              
2022-02-16 09:38:15,229 INFO     ___FILE_ONLY___  
2022-02-16 09:38:15,229 INFO     ___FILE_ONLY___ │ 
2022-02-16 09:38:15,229 INFO     ___FILE_ONLY___     1.35.1
2022-02-16 09:38:15,229 INFO     ___FILE_ONLY___  
2022-02-16 09:38:15,229 INFO     ___FILE_ONLY___ │ 
2022-02-16 09:38:15,229 INFO     ___FILE_ONLY___ 19.2 MiB
2022-02-16 09:38:15,229 INFO     ___FILE_ONLY___  
2022-02-16 09:38:15,229 INFO     ___FILE_ONLY___ │
2022-02-16 09:38:15,229 INFO     ___FILE_ONLY___ 

2022-02-16 09:38:15,229 INFO     ___FILE_ONLY___ │ 
2022-02-16 09:38:15,229 INFO     ___FILE_ONLY___ gcloud Beta Commands  
2022-02-16 09:38:15,230 INFO     ___FILE_ONLY___  
2022-02-16 09:38:15,230 INFO     ___FILE_ONLY___ │ 
2022-02-16 09:38:15,230 INFO     ___FILE_ONLY___ 2022.02.11
2022-02-16 09:38:15,230 INFO     ___FILE_ONLY___  
2022-02-16 09:38:15,230 INFO     ___FILE_ONLY___ │ 
2022-02-16 09:38:15,230 INFO     ___FILE_ONLY___  < 1 MiB
2022-02-16 09:38:15,230 INFO     ___FILE_ONLY___  
2022-02-16 09:38:15,230 INFO     ___FILE_ONLY___ │
2022-02-16 09:38:15,230 INFO     ___FILE_ONLY___ 

2022-02-16 09:38:15,230 INFO     ___FILE_ONLY___ │ 
2022-02-16 09:38:15,230 INFO     ___FILE_ONLY___ gke-gcloud-auth-plugin
2022-02-16 09:38:15,230 INFO     ___FILE_ONLY___  
2022-02-16 09:38:15,230 INFO     ___FILE_ONLY___ │ 
2022-02-16 09:38:15,231 INFO     ___FILE_ONLY___      0.1.1
2022-02-16 09:38:15,231 INFO     ___FILE_ONLY___  
2022-02-16 09:38:15,231 INFO     ___FILE_ONLY___ │ 
2022-02-16 09:38:15,231 INFO     ___FILE_ONLY___  3.4 MiB
2022-02-16 09:38:15,231 INFO     ___FILE_ONLY___  
2022-02-16 09:38:15,231 INFO     ___FILE_ONLY___ │
2022-02-16 09:38:15,231 INFO     ___FILE_ONLY___ 

2022-02-16 09:38:15,231 INFO     ___FILE_ONLY___ │ 
2022-02-16 09:38:15,231 INFO     ___FILE_ONLY___ kubectl               
2022-02-16 09:38:15,231 INFO     ___FILE_ONLY___  
2022-02-16 09:38:15,231 INFO     ___FILE_ONLY___ │ 
2022-02-16 09:38:15,231 INFO     ___FILE_ONLY___     1.21.9
2022-02-16 09:38:15,231 INFO     ___FILE_ONLY___  
2022-02-16 09:38:15,232 INFO     ___FILE_ONLY___ │ 
2022-02-16 09:38:15,232 INFO     ___FILE_ONLY___ 90.8 MiB
2022-02-16 09:38:15,232 INFO     ___FILE_ONLY___  
2022-02-16 09:38:15,232 INFO     ___FILE_ONLY___ │
2022-02-16 09:38:15,232 INFO     ___FILE_ONLY___ 

2022-02-16 09:38:15,232 INFO     ___FILE_ONLY___ │ 
2022-02-16 09:38:15,232 INFO     ___FILE_ONLY___ kubectl               
2022-02-16 09:38:15,232 INFO     ___FILE_ONLY___  
2022-02-16 09:38:15,232 INFO     ___FILE_ONLY___ │ 
2022-02-16 09:38:15,232 INFO     ___FILE_ONLY___     1.21.9
2022-02-16 09:38:15,232 INFO     ___FILE_ONLY___  
2022-02-16 09:38:15,232 INFO     ___FILE_ONLY___ │ 
2022-02-16 09:38:15,232 INFO     ___FILE_ONLY___  < 1 MiB
2022-02-16 09:38:15,232 INFO     ___FILE_ONLY___  
2022-02-16 09:38:15,233 INFO     ___FILE_ONLY___ │
2022-02-16 09:38:15,233 INFO     ___FILE_ONLY___ 

2022-02-16 09:38:15,233 INFO     ___FILE_ONLY___ └────────────────────────┴────────────┴──────────┘
2022-02-16 09:38:15,233 INFO     ___FILE_ONLY___ 

2022-02-16 09:38:15,233 INFO     ___FILE_ONLY___ 

2022-02-16 09:38:15,236 DEBUG    urllib3.connectionpool Starting new HTTPS connection (1): dl.google.com:443
2022-02-16 09:38:15,352 DEBUG    urllib3.connectionpool https://dl.google.com:443 "GET /dl/cloudsdk/channels/rapid/RELEASE_NOTES HTTP/1.1" 200 763655
2022-02-16 09:38:15,585 INFO     ___FILE_ONLY___ For the latest full release notes, please visit:
  https://cloud.google.com/sdk/release_notes


2022-02-16 09:38:15,591 INFO     ___FILE_ONLY___ ╔════════════════════════════════════════════════════════════╗

2022-02-16 09:38:15,591 INFO     ___FILE_ONLY___ ╠═ Creating update staging area                             ═╣

2022-02-16 09:38:15,591 INFO     ___FILE_ONLY___ ╚
2022-02-16 09:38:15,591 INFO     ___FILE_ONLY___ ══════
2022-02-16 09:38:15,591 INFO     ___FILE_ONLY___ ══════
2022-02-16 09:38:15,592 INFO     ___FILE_ONLY___ ══════
2022-02-16 09:38:16,798 INFO     ___FILE_ONLY___ ═
2022-02-16 09:38:17,035 INFO     ___FILE_ONLY___ ═
2022-02-16 09:38:17,557 INFO     ___FILE_ONLY___ ═
2022-02-16 09:38:18,023 INFO     ___FILE_ONLY___ ═
2022-02-16 09:38:18,770 INFO     ___FILE_ONLY___ ═
2022-02-16 09:38:19,296 INFO     ___FILE_ONLY___ ═
2022-02-16 09:38:19,948 INFO     ___FILE_ONLY___ ═
2022-02-16 09:38:20,490 INFO     ___FILE_ONLY___ ═
2022-02-16 09:38:20,961 INFO     ___FILE_ONLY___ ═
2022-02-16 09:38:21,813 INFO     ___FILE_ONLY___ ═
2022-02-16 09:38:22,143 INFO     ___FILE_ONLY___ ═
2022-02-16 09:38:22,524 INFO     ___FILE_ONLY___ ═
2022-02-16 09:38:22,910 INFO     ___FILE_ONLY___ ═
2022-02-16 09:38:23,153 INFO     ___FILE_ONLY___ ═
2022-02-16 09:38:23,474 INFO     ___FILE_ONLY___ ═
2022-02-16 09:38:23,857 INFO     ___FILE_ONLY___ ═
2022-02-16 09:38:24,272 INFO     ___FILE_ONLY___ ═
2022-02-16 09:38:24,738 INFO     ___FILE_ONLY___ ═
2022-02-16 09:38:25,148 INFO     ___FILE_ONLY___ ═
2022-02-16 09:38:25,482 INFO     ___FILE_ONLY___ ═
2022-02-16 09:38:25,802 INFO     ___FILE_ONLY___ ═
2022-02-16 09:38:26,109 INFO     ___FILE_ONLY___ ═
2022-02-16 09:38:26,477 INFO     ___FILE_ONLY___ ═
2022-02-16 09:38:26,832 INFO     ___FILE_ONLY___ ═
2022-02-16 09:38:27,226 INFO     ___FILE_ONLY___ ═
2022-02-16 09:38:27,758 INFO     ___FILE_ONLY___ ═
2022-02-16 09:38:28,214 INFO     ___FILE_ONLY___ ═
2022-02-16 09:38:28,577 INFO     ___FILE_ONLY___ ═
2022-02-16 09:38:29,007 INFO     ___FILE_ONLY___ ═
2022-02-16 09:38:29,647 INFO     ___FILE_ONLY___ ═
2022-02-16 09:38:29,964 INFO     ___FILE_ONLY___ ═
2022-02-16 09:38:30,286 INFO     ___FILE_ONLY___ ═
2022-02-16 09:38:30,630 INFO     ___FILE_ONLY___ ═
2022-02-16 09:38:31,033 INFO     ___FILE_ONLY___ ═
2022-02-16 09:38:31,505 INFO     ___FILE_ONLY___ ═
2022-02-16 09:38:32,045 INFO     ___FILE_ONLY___ ═
2022-02-16 09:38:32,677 INFO     ___FILE_ONLY___ ═
2022-02-16 09:38:32,852 INFO     ___FILE_ONLY___ ═
2022-02-16 09:38:32,995 INFO     ___FILE_ONLY___ ═
2022-02-16 09:38:33,134 INFO     ___FILE_ONLY___ ═
2022-02-16 09:38:33,284 INFO     ___FILE_ONLY___ ═
2022-02-16 09:38:33,558 INFO     ___FILE_ONLY___ ═
2022-02-16 09:38:33,558 INFO     ___FILE_ONLY___ ╝

2022-02-16 09:38:35,115 INFO     ___FILE_ONLY___ ╔════════════════════════════════════════════════════════════╗

2022-02-16 09:38:35,116 INFO     ___FILE_ONLY___ ╠═ Installing: Minikube                                     ═╣

2022-02-16 09:38:35,116 INFO     ___FILE_ONLY___ ╚
2022-02-16 09:38:35,123 INFO     ___FILE_ONLY___ ════════════════════════════════════════════════════════════
2022-02-16 09:38:35,123 INFO     ___FILE_ONLY___ ╝

2022-02-16 09:38:35,129 INFO     ___FILE_ONLY___ ╔════════════════════════════════════════════════════════════╗

2022-02-16 09:38:35,129 INFO     ___FILE_ONLY___ ╠═ Installing: Minikube                                     ═╣

2022-02-16 09:38:35,129 INFO     ___FILE_ONLY___ ╚
2022-02-16 09:38:35,134 DEBUG    urllib3.connectionpool Starting new HTTPS connection (1): dl.google.com:443
2022-02-16 09:38:35,341 DEBUG    urllib3.connectionpool https://dl.google.com:443 "GET /dl/cloudsdk/channels/rapid/components/google-cloud-sdk-minikube-darwin-x86_64-20211203152526.tar.gz HTTP/1.1" 200 28083474
2022-02-16 09:38:36,389 INFO     ___FILE_ONLY___ ═
2022-02-16 09:38:36,391 INFO     ___FILE_ONLY___ ═
2022-02-16 09:38:36,392 INFO     ___FILE_ONLY___ ═
2022-02-16 09:38:36,393 INFO     ___FILE_ONLY___ ═
2022-02-16 09:38:36,394 INFO     ___FILE_ONLY___ ═
2022-02-16 09:38:36,396 INFO     ___FILE_ONLY___ ═
2022-02-16 09:38:36,397 INFO     ___FILE_ONLY___ ═
2022-02-16 09:38:36,398 INFO     ___FILE_ONLY___ ═
2022-02-16 09:38:36,402 INFO     ___FILE_ONLY___ ═
2022-02-16 09:38:36,403 INFO     ___FILE_ONLY___ ═
2022-02-16 09:38:36,405 INFO     ___FILE_ONLY___ ═
2022-02-16 09:38:36,406 INFO     ___FILE_ONLY___ ═
2022-02-16 09:38:36,408 INFO     ___FILE_ONLY___ ═
2022-02-16 09:38:36,409 INFO     ___FILE_ONLY___ ═
2022-02-16 09:38:36,410 INFO     ___FILE_ONLY___ ═
2022-02-16 09:38:36,412 INFO     ___FILE_ONLY___ ═
2022-02-16 09:38:36,413 INFO     ___FILE_ONLY___ ═
2022-02-16 09:38:36,417 INFO     ___FILE_ONLY___ ═
2022-02-16 09:38:36,418 INFO     ___FILE_ONLY___ ═
2022-02-16 09:38:36,420 INFO     ___FILE_ONLY___ ═
2022-02-16 09:38:36,421 INFO     ___FILE_ONLY___ ═
2022-02-16 09:38:36,423 INFO     ___FILE_ONLY___ ═
2022-02-16 09:38:36,424 INFO     ___FILE_ONLY___ ═
2022-02-16 09:38:36,425 INFO     ___FILE_ONLY___ ═
2022-02-16 09:38:36,427 INFO     ___FILE_ONLY___ ═
2022-02-16 09:38:36,428 INFO     ___FILE_ONLY___ ═
2022-02-16 09:38:36,432 INFO     ___FILE_ONLY___ ═
2022-02-16 09:38:36,433 INFO     ___FILE_ONLY___ ═
2022-02-16 09:38:36,435 INFO     ___FILE_ONLY___ ═
2022-02-16 09:38:36,436 INFO     ___FILE_ONLY___ ═
2022-02-16 09:38:37,239 INFO     ___FILE_ONLY___ ══════════════════════════════
2022-02-16 09:38:37,239 INFO     ___FILE_ONLY___ ╝

2022-02-16 09:38:37,256 INFO     ___FILE_ONLY___ ╔════════════════════════════════════════════════════════════╗

2022-02-16 09:38:37,257 INFO     ___FILE_ONLY___ ╠═ Installing: Skaffold                                     ═╣

2022-02-16 09:38:37,257 INFO     ___FILE_ONLY___ ╚
2022-02-16 09:38:37,263 DEBUG    urllib3.connectionpool Starting new HTTPS connection (1): dl.google.com:443
2022-02-16 09:38:37,428 DEBUG    urllib3.connectionpool https://dl.google.com:443 "GET /dl/cloudsdk/channels/rapid/components/google-cloud-sdk-skaffold-darwin-x86_64-20220107150005.tar.gz HTTP/1.1" 200 20178303
2022-02-16 09:38:38,146 INFO     ___FILE_ONLY___ ═
2022-02-16 09:38:38,148 INFO     ___FILE_ONLY___ ═
2022-02-16 09:38:38,149 INFO     ___FILE_ONLY___ ═
2022-02-16 09:38:38,150 INFO     ___FILE_ONLY___ ═
2022-02-16 09:38:38,151 INFO     ___FILE_ONLY___ ═
2022-02-16 09:38:38,153 INFO     ___FILE_ONLY___ ═
2022-02-16 09:38:38,155 INFO     ___FILE_ONLY___ ═
2022-02-16 09:38:38,157 INFO     ___FILE_ONLY___ ═
2022-02-16 09:38:38,158 INFO     ___FILE_ONLY___ ═
2022-02-16 09:38:38,159 INFO     ___FILE_ONLY___ ═
2022-02-16 09:38:38,160 INFO     ___FILE_ONLY___ ═
2022-02-16 09:38:38,161 INFO     ___FILE_ONLY___ ═
2022-02-16 09:38:38,165 INFO     ___FILE_ONLY___ ═
2022-02-16 09:38:38,167 INFO     ___FILE_ONLY___ ═
2022-02-16 09:38:38,169 INFO     ___FILE_ONLY___ ═
2022-02-16 09:38:38,170 INFO     ___FILE_ONLY___ ═
2022-02-16 09:38:38,172 INFO     ___FILE_ONLY___ ═
2022-02-16 09:38:38,173 INFO     ___FILE_ONLY___ ═
2022-02-16 09:38:38,174 INFO     ___FILE_ONLY___ ═
2022-02-16 09:38:38,175 INFO     ___FILE_ONLY___ ═
2022-02-16 09:38:38,177 INFO     ___FILE_ONLY___ ═
2022-02-16 09:38:38,178 INFO     ___FILE_ONLY___ ═
2022-02-16 09:38:38,179 INFO     ___FILE_ONLY___ ═
2022-02-16 09:38:38,180 INFO     ___FILE_ONLY___ ═
2022-02-16 09:38:38,184 INFO     ___FILE_ONLY___ ═
2022-02-16 09:38:38,185 INFO     ___FILE_ONLY___ ═
2022-02-16 09:38:38,186 INFO     ___FILE_ONLY___ ═
2022-02-16 09:38:38,187 INFO     ___FILE_ONLY___ ═
2022-02-16 09:38:38,188 INFO     ___FILE_ONLY___ ═
2022-02-16 09:38:38,189 INFO     ___FILE_ONLY___ ═
2022-02-16 09:38:39,386 INFO     ___FILE_ONLY___ ══════════════════════════════
2022-02-16 09:38:39,386 INFO     ___FILE_ONLY___ ╝

2022-02-16 09:38:39,413 INFO     ___FILE_ONLY___ ╔════════════════════════════════════════════════════════════╗

2022-02-16 09:38:39,414 INFO     ___FILE_ONLY___ ╠═ Installing: Skaffold                                     ═╣

2022-02-16 09:38:39,414 INFO     ___FILE_ONLY___ ╚
2022-02-16 09:38:39,419 INFO     ___FILE_ONLY___ ════════════════════════════════════════════════════════════
2022-02-16 09:38:39,419 INFO     ___FILE_ONLY___ ╝

2022-02-16 09:38:39,425 INFO     ___FILE_ONLY___ ╔════════════════════════════════════════════════════════════╗

2022-02-16 09:38:39,425 INFO     ___FILE_ONLY___ ╠═ Installing: gcloud Beta Commands                         ═╣

2022-02-16 09:38:39,425 INFO     ___FILE_ONLY___ ╚
2022-02-16 09:38:39,430 DEBUG    urllib3.connectionpool Starting new HTTPS connection (1): dl.google.com:443
2022-02-16 09:38:39,522 DEBUG    urllib3.connectionpool https://dl.google.com:443 "GET /dl/cloudsdk/channels/rapid/components/google-cloud-sdk-beta-20220211145702.tar.gz HTTP/1.1" 200 746
2022-02-16 09:38:39,523 INFO     ___FILE_ONLY___ ══════════════════════════════
2022-02-16 09:38:39,525 INFO     ___FILE_ONLY___ ══════════════════════════════
2022-02-16 09:38:39,525 INFO     ___FILE_ONLY___ ╝

2022-02-16 09:38:39,538 INFO     ___FILE_ONLY___ ╔════════════════════════════════════════════════════════════╗

2022-02-16 09:38:39,539 INFO     ___FILE_ONLY___ ╠═ Installing: gke-gcloud-auth-plugin                       ═╣

2022-02-16 09:38:39,539 INFO     ___FILE_ONLY___ ╚
2022-02-16 09:38:39,543 INFO     ___FILE_ONLY___ ════════════════════════════════════════════════════════════
2022-02-16 09:38:39,543 INFO     ___FILE_ONLY___ ╝

2022-02-16 09:38:39,547 INFO     ___FILE_ONLY___ ╔════════════════════════════════════════════════════════════╗

2022-02-16 09:38:39,548 INFO     ___FILE_ONLY___ ╠═ Installing: gke-gcloud-auth-plugin                       ═╣

2022-02-16 09:38:39,548 INFO     ___FILE_ONLY___ ╚
2022-02-16 09:38:39,552 DEBUG    urllib3.connectionpool Starting new HTTPS connection (1): dl.google.com:443
2022-02-16 09:38:39,746 DEBUG    urllib3.connectionpool https://dl.google.com:443 "GET /dl/cloudsdk/channels/rapid/components/google-cloud-sdk-gke-gcloud-auth-plugin-darwin-x86_64-20210827135444.tar.gz HTTP/1.1" 200 3592002
2022-02-16 09:38:39,987 INFO     ___FILE_ONLY___ ═
2022-02-16 09:38:39,987 INFO     ___FILE_ONLY___ ═
2022-02-16 09:38:39,988 INFO     ___FILE_ONLY___ ═
2022-02-16 09:38:39,988 INFO     ___FILE_ONLY___ ═
2022-02-16 09:38:39,988 INFO     ___FILE_ONLY___ ═
2022-02-16 09:38:39,988 INFO     ___FILE_ONLY___ ═
2022-02-16 09:38:39,989 INFO     ___FILE_ONLY___ ═
2022-02-16 09:38:39,989 INFO     ___FILE_ONLY___ ═
2022-02-16 09:38:39,990 INFO     ___FILE_ONLY___ ═
2022-02-16 09:38:39,990 INFO     ___FILE_ONLY___ ═
2022-02-16 09:38:39,990 INFO     ___FILE_ONLY___ ═
2022-02-16 09:38:39,991 INFO     ___FILE_ONLY___ ═
2022-02-16 09:38:39,991 INFO     ___FILE_ONLY___ ═
2022-02-16 09:38:39,991 INFO     ___FILE_ONLY___ ═
2022-02-16 09:38:39,991 INFO     ___FILE_ONLY___ ═
2022-02-16 09:38:39,992 INFO     ___FILE_ONLY___ ═
2022-02-16 09:38:39,992 INFO     ___FILE_ONLY___ ═
2022-02-16 09:38:39,992 INFO     ___FILE_ONLY___ ═
2022-02-16 09:38:39,993 INFO     ___FILE_ONLY___ ═
2022-02-16 09:38:39,993 INFO     ___FILE_ONLY___ ═
2022-02-16 09:38:39,993 INFO     ___FILE_ONLY___ ═
2022-02-16 09:38:39,993 INFO     ___FILE_ONLY___ ═
2022-02-16 09:38:39,994 INFO     ___FILE_ONLY___ ═
2022-02-16 09:38:39,994 INFO     ___FILE_ONLY___ ═
2022-02-16 09:38:39,994 INFO     ___FILE_ONLY___ ═
2022-02-16 09:38:39,995 INFO     ___FILE_ONLY___ ═
2022-02-16 09:38:39,995 INFO     ___FILE_ONLY___ ═
2022-02-16 09:38:39,995 INFO     ___FILE_ONLY___ ═
2022-02-16 09:38:39,995 INFO     ___FILE_ONLY___ ═
2022-02-16 09:38:39,995 INFO     ___FILE_ONLY___ ═
2022-02-16 09:38:40,138 INFO     ___FILE_ONLY___ ══════════════════════════════
2022-02-16 09:38:40,138 INFO     ___FILE_ONLY___ ╝

2022-02-16 09:38:40,150 INFO     ___FILE_ONLY___ ╔════════════════════════════════════════════════════════════╗

2022-02-16 09:38:40,150 INFO     ___FILE_ONLY___ ╠═ Installing: kubectl                                      ═╣

2022-02-16 09:38:40,150 INFO     ___FILE_ONLY___ ╚
2022-02-16 09:38:40,156 DEBUG    urllib3.connectionpool Starting new HTTPS connection (1): dl.google.com:443
2022-02-16 09:38:40,267 DEBUG    urllib3.connectionpool https://dl.google.com:443 "GET /dl/cloudsdk/channels/rapid/components/google-cloud-sdk-kubectl-darwin-x86_64-20220211145702.tar.gz HTTP/1.1" 200 95231309
2022-02-16 09:38:43,130 INFO     ___FILE_ONLY___ ═
2022-02-16 09:38:43,134 INFO     ___FILE_ONLY___ ═
2022-02-16 09:38:43,140 INFO     ___FILE_ONLY___ ═
2022-02-16 09:38:43,144 INFO     ___FILE_ONLY___ ═
2022-02-16 09:38:43,148 INFO     ___FILE_ONLY___ ═
2022-02-16 09:38:43,154 INFO     ___FILE_ONLY___ ═
2022-02-16 09:38:43,158 INFO     ___FILE_ONLY___ ═
2022-02-16 09:38:43,163 INFO     ___FILE_ONLY___ ═
2022-02-16 09:38:43,168 INFO     ___FILE_ONLY___ ═
2022-02-16 09:38:43,173 INFO     ___FILE_ONLY___ ═
2022-02-16 09:38:43,179 INFO     ___FILE_ONLY___ ═
2022-02-16 09:38:43,185 INFO     ___FILE_ONLY___ ═
2022-02-16 09:38:43,189 INFO     ___FILE_ONLY___ ═
2022-02-16 09:38:43,195 INFO     ___FILE_ONLY___ ═
2022-02-16 09:38:43,199 INFO     ___FILE_ONLY___ ═
2022-02-16 09:38:43,204 INFO     ___FILE_ONLY___ ═
2022-02-16 09:38:43,209 INFO     ___FILE_ONLY___ ═
2022-02-16 09:38:43,213 INFO     ___FILE_ONLY___ ═
2022-02-16 09:38:43,219 INFO     ___FILE_ONLY___ ═
2022-02-16 09:38:43,224 INFO     ___FILE_ONLY___ ═
2022-02-16 09:38:43,229 INFO     ___FILE_ONLY___ ═
2022-02-16 09:38:43,252 INFO     ___FILE_ONLY___ ═
2022-02-16 09:38:43,257 INFO     ___FILE_ONLY___ ═
2022-02-16 09:38:43,281 INFO     ___FILE_ONLY___ ═
2022-02-16 09:38:43,286 INFO     ___FILE_ONLY___ ═
2022-02-16 09:38:43,291 INFO     ___FILE_ONLY___ ═
2022-02-16 09:38:43,311 INFO     ___FILE_ONLY___ ═
2022-02-16 09:38:43,316 INFO     ___FILE_ONLY___ ═
2022-02-16 09:38:43,322 INFO     ___FILE_ONLY___ ═
2022-02-16 09:38:43,359 INFO     ___FILE_ONLY___ ═
2022-02-16 09:38:45,376 INFO     ___FILE_ONLY___ ════
2022-02-16 09:38:45,845 INFO     ___FILE_ONLY___ ════
2022-02-16 09:38:46,348 INFO     ___FILE_ONLY___ ════
2022-02-16 09:38:46,734 INFO     ___FILE_ONLY___ ═════
2022-02-16 09:38:47,324 INFO     ___FILE_ONLY___ ════
2022-02-16 09:38:47,678 INFO     ___FILE_ONLY___ ════
2022-02-16 09:38:48,185 INFO     ___FILE_ONLY___ ═════
2022-02-16 09:38:48,185 INFO     ___FILE_ONLY___ ╝

2022-02-16 09:38:48,216 INFO     ___FILE_ONLY___ ╔════════════════════════════════════════════════════════════╗

2022-02-16 09:38:48,217 INFO     ___FILE_ONLY___ ╠═ Installing: kubectl                                      ═╣

2022-02-16 09:38:48,217 INFO     ___FILE_ONLY___ ╚
2022-02-16 09:38:48,223 DEBUG    urllib3.connectionpool Starting new HTTPS connection (1): dl.google.com:443
2022-02-16 09:38:48,306 DEBUG    urllib3.connectionpool https://dl.google.com:443 "GET /dl/cloudsdk/channels/rapid/components/google-cloud-sdk-kubectl-20220128152443.tar.gz HTTP/1.1" 200 48444
2022-02-16 09:38:48,340 INFO     ___FILE_ONLY___ ══════════
2022-02-16 09:38:48,340 INFO     ___FILE_ONLY___ ══════════
2022-02-16 09:38:48,341 INFO     ___FILE_ONLY___ ══════════
2022-02-16 09:38:48,345 INFO     ___FILE_ONLY___ ══════════════════════════════
2022-02-16 09:38:48,345 INFO     ___FILE_ONLY___ ╝

2022-02-16 09:38:48,357 INFO     ___FILE_ONLY___ ╔════════════════════════════════════════════════════════════╗

2022-02-16 09:38:48,358 INFO     ___FILE_ONLY___ ╠═ Creating backup and activating new installation          ═╣

2022-02-16 09:38:48,358 INFO     ___FILE_ONLY___ ╚
2022-02-16 09:38:48,358 DEBUG    root            Attempting to move directory [/Users/batiasegal/Library/Application Support/cloud-code/installer/google-cloud-sdk] to [/Users/batiasegal/Library/Application Support/cloud-code/installer/google-cloud-sdk.staging/.install/.backup]
2022-02-16 09:38:48,359 INFO     ___FILE_ONLY___ ══════════════════════════════
2022-02-16 09:38:48,359 DEBUG    root            Attempting to move directory [/Users/batiasegal/Library/Application Support/cloud-code/installer/google-cloud-sdk.staging] to [/Users/batiasegal/Library/Application Support/cloud-code/installer/google-cloud-sdk]
2022-02-16 09:38:48,359 INFO     ___FILE_ONLY___ ══════════════════════════════
2022-02-16 09:38:48,359 INFO     ___FILE_ONLY___ ╝

2022-02-16 09:38:48,371 DEBUG    root            Updating notification cache...
2022-02-16 09:38:48,372 INFO     ___FILE_ONLY___ 

2022-02-16 09:38:48,376 INFO     ___FILE_ONLY___ Performing post processing steps...
2022-02-16 09:38:48,377 DEBUG    root            Executing command: ['/Library/Frameworks/Python.framework/Versions/3.9/bin/python3', '-S', '/Users/batiasegal/Library/Application Support/cloud-code/installer/google-cloud-sdk/lib/gcloud.py', 'components', 'post-process']
2022-02-16 09:38:48,393 DEBUG    urllib3.connectionpool Starting new HTTP connection (1): www.gstatic.com:80
2022-02-16 09:38:48,449 DEBUG    urllib3.connectionpool http://www.gstatic.com:80 "GET /cloudsdk/feature_flag_config_file.yaml HTTP/1.1" 200 101
2022-02-16 09:39:19,730 DEBUG    ___FILE_ONLY___ 
2022-02-16 09:39:19,731 DEBUG    ___FILE_ONLY___ 
2022-02-16 09:39:19,839 INFO     ___FILE_ONLY___ 
Update done!


2022-02-16 09:39:19,856 INFO     root            Display format: "none"
