2022-02-16 09:38:21,653 DEBUG    root            Loaded Command Group: ['gcloud', 'config']
2022-02-16 09:38:21,657 DEBUG    root            Loaded Command Group: ['gcloud', 'config', 'config_helper']
2022-02-16 09:38:21,659 DEBUG    root            Running [gcloud.config.config-helper] with arguments: [--format: "json", --quiet: "True"]
2022-02-16 09:38:21,660 WARNING  root            Could not open the configuration file: [/Users/batiasegal/.config/gcloud/configurations/config_default].
2022-02-16 09:38:21,661 DEBUG    root            (gcloud.config.config-helper) You do not currently have an active account selected.
Please run:

  $ gcloud auth login

to obtain new credentials.

If you have already logged in with a different account:

    $ gcloud config set account ACCOUNT

to select an already authenticated account to use.
Traceback (most recent call last):
  File "/Users/batiasegal/Library/Application Support/cloud-code/installer/google-cloud-sdk/lib/googlecloudsdk/calliope/cli.py", line 987, in Execute
    resources = calliope_command.Run(cli=self, args=args)
  File "/Users/batiasegal/Library/Application Support/cloud-code/installer/google-cloud-sdk/lib/googlecloudsdk/calliope/backend.py", line 809, in Run
    resources = command_instance.Run(args)
  File "/Users/batiasegal/Library/Application Support/cloud-code/installer/google-cloud-sdk/lib/surface/config/config_helper.py", line 99, in Run
    cred = store.Load(use_google_auth=True)
  File "/Users/batiasegal/Library/Application Support/cloud-code/installer/google-cloud-sdk/lib/googlecloudsdk/core/credentials/store.py", line 560, in Load
    cred = _Load(account, scopes, prevent_refresh, use_google_auth)
  File "/Users/batiasegal/Library/Application Support/cloud-code/installer/google-cloud-sdk/lib/googlecloudsdk/core/credentials/store.py", line 700, in _Load
    raise creds_exceptions.NoActiveAccountException(
googlecloudsdk.core.credentials.exceptions.NoActiveAccountException: You do not currently have an active account selected.
Please run:

  $ gcloud auth login

to obtain new credentials.

If you have already logged in with a different account:

    $ gcloud config set account ACCOUNT

to select an already authenticated account to use.
2022-02-16 09:38:21,663 ERROR    root            (gcloud.config.config-helper) You do not currently have an active account selected.
Please run:

  $ gcloud auth login

to obtain new credentials.

If you have already logged in with a different account:

    $ gcloud config set account ACCOUNT

to select an already authenticated account to use.
